2024/08/20 09:09:29 [emerg] 1#1: host not found in upstream "videogamesphp" in /etc/nginx/conf.d/default.conf:15
2024/08/20 09:11:43 [emerg] 1#1: host not found in upstream "videogamesphp" in /etc/nginx/conf.d/default.conf:15
2024/08/20 09:14:12 [emerg] 1#1: host not found in upstream "videogamesphp" in /etc/nginx/conf.d/default.conf:15
2024/08/20 09:17:24 [emerg] 1#1: host not found in upstream "videogamesphp" in /etc/nginx/conf.d/default.conf:15
2024/08/20 09:21:29 [notice] 1#1: using the "epoll" event method
2024/08/20 09:21:29 [notice] 1#1: nginx/1.26.1
2024/08/20 09:21:29 [notice] 1#1: built by gcc 13.2.1 20231014 (Alpine 13.2.1_git20231014) 
2024/08/20 09:21:29 [notice] 1#1: OS: Linux 6.5.0-45-generic
2024/08/20 09:21:29 [notice] 1#1: getrlimit(RLIMIT_NOFILE): 1048576:1048576
2024/08/20 09:21:29 [notice] 1#1: start worker processes
2024/08/20 09:21:29 [notice] 1#1: start worker process 29
2024/08/20 09:21:29 [notice] 1#1: start worker process 30
2024/08/20 09:21:29 [notice] 1#1: start worker process 31
2024/08/20 09:21:29 [notice] 1#1: start worker process 32
2024/08/20 09:21:29 [notice] 1#1: start worker process 33
2024/08/20 09:21:29 [notice] 1#1: start worker process 34
2024/08/20 09:21:29 [notice] 1#1: start worker process 35
2024/08/20 09:21:29 [notice] 1#1: start worker process 36
2024/08/20 09:21:29 [notice] 1#1: start worker process 37
2024/08/20 09:21:29 [notice] 1#1: start worker process 38
2024/08/20 09:21:29 [notice] 1#1: start worker process 39
2024/08/20 09:21:29 [notice] 1#1: start worker process 40
2024/08/20 09:21:29 [notice] 1#1: start worker process 41
2024/08/20 09:21:29 [notice] 1#1: start worker process 42
2024/08/20 09:21:29 [notice] 1#1: start worker process 43
2024/08/20 09:21:29 [notice] 1#1: start worker process 44
2024/08/20 09:23:21 [notice] 1#1: signal 3 (SIGQUIT) received, shutting down
2024/08/20 09:23:21 [notice] 30#30: gracefully shutting down
2024/08/20 09:23:21 [notice] 29#29: gracefully shutting down
2024/08/20 09:23:21 [notice] 31#31: gracefully shutting down
2024/08/20 09:23:21 [notice] 32#32: gracefully shutting down
2024/08/20 09:23:21 [notice] 33#33: gracefully shutting down
2024/08/20 09:23:21 [notice] 36#36: gracefully shutting down
2024/08/20 09:23:21 [notice] 37#37: gracefully shutting down
2024/08/20 09:23:21 [notice] 30#30: exiting
2024/08/20 09:23:21 [notice] 40#40: gracefully shutting down
2024/08/20 09:23:21 [notice] 29#29: exiting
2024/08/20 09:23:21 [notice] 31#31: exiting
2024/08/20 09:23:21 [notice] 43#43: gracefully shutting down
2024/08/20 09:23:21 [notice] 32#32: exiting
2024/08/20 09:23:21 [notice] 42#42: gracefully shutting down
2024/08/20 09:23:21 [notice] 34#34: gracefully shutting down
2024/08/20 09:23:21 [notice] 39#39: gracefully shutting down
2024/08/20 09:23:21 [notice] 33#33: exiting
2024/08/20 09:23:21 [notice] 36#36: exiting
2024/08/20 09:23:21 [notice] 37#37: exiting
2024/08/20 09:23:21 [notice] 40#40: exiting
2024/08/20 09:23:21 [notice] 35#35: gracefully shutting down
2024/08/20 09:23:21 [notice] 38#38: gracefully shutting down
2024/08/20 09:23:21 [notice] 43#43: exiting
2024/08/20 09:23:21 [notice] 41#41: gracefully shutting down
2024/08/20 09:23:21 [notice] 42#42: exiting
2024/08/20 09:23:21 [notice] 34#34: exiting
2024/08/20 09:23:21 [notice] 39#39: exiting
2024/08/20 09:23:21 [notice] 38#38: exiting
2024/08/20 09:23:21 [notice] 35#35: exiting
2024/08/20 09:23:21 [notice] 41#41: exiting
2024/08/20 09:23:21 [notice] 29#29: exit
2024/08/20 09:23:21 [notice] 30#30: exit
2024/08/20 09:23:21 [notice] 31#31: exit
2024/08/20 09:23:21 [notice] 32#32: exit
2024/08/20 09:23:21 [notice] 36#36: exit
2024/08/20 09:23:21 [notice] 44#44: gracefully shutting down
2024/08/20 09:23:21 [notice] 40#40: exit
2024/08/20 09:23:21 [notice] 33#33: exit
2024/08/20 09:23:21 [notice] 43#43: exit
2024/08/20 09:23:21 [notice] 37#37: exit
2024/08/20 09:23:21 [notice] 41#41: exit
2024/08/20 09:23:21 [notice] 44#44: exiting
2024/08/20 09:23:21 [notice] 42#42: exit
2024/08/20 09:23:21 [notice] 34#34: exit
2024/08/20 09:23:21 [notice] 35#35: exit
2024/08/20 09:23:21 [notice] 39#39: exit
2024/08/20 09:23:21 [notice] 38#38: exit
2024/08/20 09:23:21 [notice] 44#44: exit
2024/08/20 09:23:21 [notice] 1#1: signal 17 (SIGCHLD) received from 34
2024/08/20 09:23:21 [notice] 1#1: worker process 34 exited with code 0
2024/08/20 09:23:21 [notice] 1#1: signal 29 (SIGIO) received
2024/08/20 09:23:21 [notice] 1#1: signal 17 (SIGCHLD) received from 38
2024/08/20 09:23:21 [notice] 1#1: worker process 38 exited with code 0
2024/08/20 09:23:21 [notice] 1#1: signal 29 (SIGIO) received
2024/08/20 09:23:21 [notice] 1#1: signal 17 (SIGCHLD) received from 42
2024/08/20 09:23:21 [notice] 1#1: worker process 39 exited with code 0
2024/08/20 09:23:21 [notice] 1#1: worker process 31 exited with code 0
2024/08/20 09:23:21 [notice] 1#1: worker process 42 exited with code 0
2024/08/20 09:23:21 [notice] 1#1: worker process 44 exited with code 0
2024/08/20 09:23:21 [notice] 1#1: signal 29 (SIGIO) received
2024/08/20 09:23:21 [notice] 1#1: signal 17 (SIGCHLD) received from 31
2024/08/20 09:23:21 [notice] 1#1: worker process 32 exited with code 0
2024/08/20 09:23:21 [notice] 1#1: worker process 37 exited with code 0
2024/08/20 09:23:21 [notice] 1#1: worker process 40 exited with code 0
2024/08/20 09:23:21 [notice] 1#1: signal 29 (SIGIO) received
2024/08/20 09:23:21 [notice] 1#1: signal 17 (SIGCHLD) received from 36
2024/08/20 09:23:21 [notice] 1#1: worker process 30 exited with code 0
2024/08/20 09:23:21 [notice] 1#1: worker process 36 exited with code 0
2024/08/20 09:23:21 [notice] 1#1: signal 29 (SIGIO) received
2024/08/20 09:23:21 [notice] 1#1: signal 17 (SIGCHLD) received from 33
2024/08/20 09:23:21 [notice] 1#1: worker process 33 exited with code 0
2024/08/20 09:23:21 [notice] 1#1: signal 29 (SIGIO) received
2024/08/20 09:23:21 [notice] 1#1: signal 17 (SIGCHLD) received from 35
2024/08/20 09:23:21 [notice] 1#1: worker process 35 exited with code 0
2024/08/20 09:23:21 [notice] 1#1: signal 29 (SIGIO) received
2024/08/20 09:23:21 [notice] 1#1: signal 17 (SIGCHLD) received from 29
2024/08/20 09:23:21 [notice] 1#1: worker process 29 exited with code 0
2024/08/20 09:23:21 [notice] 1#1: worker process 43 exited with code 0
2024/08/20 09:23:21 [notice] 1#1: signal 29 (SIGIO) received
2024/08/20 09:23:21 [notice] 1#1: signal 17 (SIGCHLD) received from 43
2024/08/20 09:23:21 [notice] 1#1: signal 17 (SIGCHLD) received from 41
2024/08/20 09:23:21 [notice] 1#1: worker process 41 exited with code 0
2024/08/20 09:23:21 [notice] 1#1: exit
2024/08/20 09:23:42 [notice] 1#1: using the "epoll" event method
2024/08/20 09:23:42 [notice] 1#1: nginx/1.26.1
2024/08/20 09:23:42 [notice] 1#1: built by gcc 13.2.1 20231014 (Alpine 13.2.1_git20231014) 
2024/08/20 09:23:42 [notice] 1#1: OS: Linux 6.5.0-45-generic
2024/08/20 09:23:42 [notice] 1#1: getrlimit(RLIMIT_NOFILE): 1048576:1048576
2024/08/20 09:23:42 [notice] 1#1: start worker processes
2024/08/20 09:23:42 [notice] 1#1: start worker process 29
2024/08/20 09:23:42 [notice] 1#1: start worker process 30
2024/08/20 09:23:42 [notice] 1#1: start worker process 31
2024/08/20 09:23:42 [notice] 1#1: start worker process 32
2024/08/20 09:23:42 [notice] 1#1: start worker process 33
2024/08/20 09:23:42 [notice] 1#1: start worker process 34
2024/08/20 09:23:42 [notice] 1#1: start worker process 35
2024/08/20 09:23:42 [notice] 1#1: start worker process 36
2024/08/20 09:23:42 [notice] 1#1: start worker process 37
2024/08/20 09:23:42 [notice] 1#1: start worker process 38
2024/08/20 09:23:42 [notice] 1#1: start worker process 39
2024/08/20 09:23:42 [notice] 1#1: start worker process 40
2024/08/20 09:23:42 [notice] 1#1: start worker process 41
2024/08/20 09:23:42 [notice] 1#1: start worker process 42
2024/08/20 09:23:42 [notice] 1#1: start worker process 43
2024/08/20 09:23:42 [notice] 1#1: start worker process 44
2024/08/20 09:23:59 [notice] 1#1: signal 3 (SIGQUIT) received, shutting down
2024/08/20 09:23:59 [notice] 30#30: gracefully shutting down
2024/08/20 09:23:59 [notice] 31#31: gracefully shutting down
2024/08/20 09:23:59 [notice] 29#29: gracefully shutting down
2024/08/20 09:23:59 [notice] 32#32: gracefully shutting down
2024/08/20 09:23:59 [notice] 33#33: gracefully shutting down
2024/08/20 09:23:59 [notice] 34#34: gracefully shutting down
2024/08/20 09:23:59 [notice] 36#36: gracefully shutting down
2024/08/20 09:23:59 [notice] 35#35: gracefully shutting down
2024/08/20 09:23:59 [notice] 37#37: gracefully shutting down
2024/08/20 09:23:59 [notice] 30#30: exiting
2024/08/20 09:23:59 [notice] 39#39: gracefully shutting down
2024/08/20 09:23:59 [notice] 40#40: gracefully shutting down
2024/08/20 09:23:59 [notice] 38#38: gracefully shutting down
2024/08/20 09:23:59 [notice] 31#31: exiting
2024/08/20 09:23:59 [notice] 29#29: exiting
2024/08/20 09:23:59 [notice] 42#42: gracefully shutting down
2024/08/20 09:23:59 [notice] 32#32: exiting
2024/08/20 09:23:59 [notice] 33#33: exiting
2024/08/20 09:23:59 [notice] 34#34: exiting
2024/08/20 09:23:59 [notice] 36#36: exiting
2024/08/20 09:23:59 [notice] 43#43: gracefully shutting down
2024/08/20 09:23:59 [notice] 35#35: exiting
2024/08/20 09:23:59 [notice] 37#37: exiting
2024/08/20 09:23:59 [notice] 39#39: exiting
2024/08/20 09:23:59 [notice] 40#40: exiting
2024/08/20 09:23:59 [notice] 38#38: exiting
2024/08/20 09:23:59 [notice] 42#42: exiting
2024/08/20 09:23:59 [notice] 43#43: exiting
2024/08/20 09:23:59 [notice] 30#30: exit
2024/08/20 09:23:59 [notice] 36#36: exit
2024/08/20 09:23:59 [notice] 31#31: exit
2024/08/20 09:23:59 [notice] 29#29: exit
2024/08/20 09:23:59 [notice] 32#32: exit
2024/08/20 09:23:59 [notice] 39#39: exit
2024/08/20 09:23:59 [notice] 33#33: exit
2024/08/20 09:23:59 [notice] 35#35: exit
2024/08/20 09:23:59 [notice] 43#43: exit
2024/08/20 09:23:59 [notice] 34#34: exit
2024/08/20 09:23:59 [notice] 38#38: exit
2024/08/20 09:23:59 [notice] 40#40: exit
2024/08/20 09:23:59 [notice] 37#37: exit
2024/08/20 09:23:59 [notice] 42#42: exit
2024/08/20 09:23:59 [notice] 41#41: gracefully shutting down
2024/08/20 09:23:59 [notice] 44#44: gracefully shutting down
2024/08/20 09:23:59 [notice] 41#41: exiting
2024/08/20 09:23:59 [notice] 44#44: exiting
2024/08/20 09:23:59 [notice] 41#41: exit
2024/08/20 09:23:59 [notice] 44#44: exit
2024/08/20 09:23:59 [notice] 1#1: signal 17 (SIGCHLD) received from 31
2024/08/20 09:23:59 [notice] 1#1: worker process 31 exited with code 0
2024/08/20 09:23:59 [notice] 1#1: signal 29 (SIGIO) received
2024/08/20 09:23:59 [notice] 1#1: signal 17 (SIGCHLD) received from 37
2024/08/20 09:23:59 [notice] 1#1: worker process 37 exited with code 0
2024/08/20 09:23:59 [notice] 1#1: worker process 38 exited with code 0
2024/08/20 09:23:59 [notice] 1#1: signal 29 (SIGIO) received
2024/08/20 09:23:59 [notice] 1#1: signal 17 (SIGCHLD) received from 38
2024/08/20 09:23:59 [notice] 1#1: signal 17 (SIGCHLD) received from 32
2024/08/20 09:23:59 [notice] 1#1: worker process 32 exited with code 0
2024/08/20 09:23:59 [notice] 1#1: signal 29 (SIGIO) received
2024/08/20 09:23:59 [notice] 1#1: signal 17 (SIGCHLD) received from 36
2024/08/20 09:23:59 [notice] 1#1: worker process 36 exited with code 0
2024/08/20 09:23:59 [notice] 1#1: worker process 43 exited with code 0
2024/08/20 09:23:59 [notice] 1#1: signal 29 (SIGIO) received
2024/08/20 09:23:59 [notice] 1#1: signal 17 (SIGCHLD) received from 44
2024/08/20 09:23:59 [notice] 1#1: worker process 44 exited with code 0
2024/08/20 09:23:59 [notice] 1#1: signal 29 (SIGIO) received
2024/08/20 09:23:59 [notice] 1#1: signal 17 (SIGCHLD) received from 35
2024/08/20 09:23:59 [notice] 1#1: worker process 35 exited with code 0
2024/08/20 09:23:59 [notice] 1#1: signal 29 (SIGIO) received
2024/08/20 09:23:59 [notice] 1#1: signal 17 (SIGCHLD) received from 29
2024/08/20 09:23:59 [notice] 1#1: worker process 29 exited with code 0
2024/08/20 09:23:59 [notice] 1#1: worker process 42 exited with code 0
2024/08/20 09:23:59 [notice] 1#1: signal 29 (SIGIO) received
2024/08/20 09:23:59 [notice] 1#1: signal 17 (SIGCHLD) received from 42
2024/08/20 09:23:59 [notice] 1#1: worker process 33 exited with code 0
2024/08/20 09:23:59 [notice] 1#1: signal 29 (SIGIO) received
2024/08/20 09:23:59 [notice] 1#1: signal 17 (SIGCHLD) received from 34
2024/08/20 09:23:59 [notice] 1#1: worker process 34 exited with code 0
2024/08/20 09:23:59 [notice] 1#1: signal 29 (SIGIO) received
2024/08/20 09:23:59 [notice] 1#1: signal 17 (SIGCHLD) received from 39
2024/08/20 09:23:59 [notice] 1#1: worker process 39 exited with code 0
2024/08/20 09:23:59 [notice] 1#1: signal 17 (SIGCHLD) received from 41
2024/08/20 09:23:59 [notice] 1#1: worker process 41 exited with code 0
2024/08/20 09:23:59 [notice] 1#1: signal 29 (SIGIO) received
2024/08/20 09:23:59 [notice] 1#1: signal 29 (SIGIO) received
2024/08/20 09:23:59 [notice] 1#1: signal 17 (SIGCHLD) received from 30
2024/08/20 09:23:59 [notice] 1#1: worker process 30 exited with code 0
2024/08/20 09:23:59 [notice] 1#1: signal 29 (SIGIO) received
2024/08/20 09:23:59 [notice] 1#1: signal 17 (SIGCHLD) received from 40
2024/08/20 09:23:59 [notice] 1#1: worker process 40 exited with code 0
2024/08/20 09:23:59 [notice] 1#1: exit
2024/08/20 09:24:18 [emerg] 1#1: host not found in upstream "videogamesphp" in /etc/nginx/conf.d/default.conf:20
2024/08/20 09:25:41 [notice] 1#1: using the "epoll" event method
2024/08/20 09:25:41 [notice] 1#1: nginx/1.26.1
2024/08/20 09:25:41 [notice] 1#1: built by gcc 13.2.1 20231014 (Alpine 13.2.1_git20231014) 
2024/08/20 09:25:41 [notice] 1#1: OS: Linux 6.5.0-45-generic
2024/08/20 09:25:41 [notice] 1#1: getrlimit(RLIMIT_NOFILE): 1048576:1048576
2024/08/20 09:25:41 [notice] 1#1: start worker processes
2024/08/20 09:25:41 [notice] 1#1: start worker process 30
2024/08/20 09:25:41 [notice] 1#1: start worker process 31
2024/08/20 09:25:41 [notice] 1#1: start worker process 32
2024/08/20 09:25:41 [notice] 1#1: start worker process 33
2024/08/20 09:25:41 [notice] 1#1: start worker process 34
2024/08/20 09:25:41 [notice] 1#1: start worker process 35
2024/08/20 09:25:41 [notice] 1#1: start worker process 36
2024/08/20 09:25:41 [notice] 1#1: start worker process 37
2024/08/20 09:25:41 [notice] 1#1: start worker process 38
2024/08/20 09:25:41 [notice] 1#1: start worker process 39
2024/08/20 09:25:41 [notice] 1#1: start worker process 40
2024/08/20 09:25:41 [notice] 1#1: start worker process 41
2024/08/20 09:25:41 [notice] 1#1: start worker process 42
2024/08/20 09:25:41 [notice] 1#1: start worker process 43
2024/08/20 09:25:41 [notice] 1#1: start worker process 44
2024/08/20 09:25:41 [notice] 1#1: start worker process 45
2024/08/20 09:26:18 [notice] 1#1: signal 3 (SIGQUIT) received, shutting down
2024/08/20 09:26:18 [notice] 30#30: gracefully shutting down
2024/08/20 09:26:18 [notice] 31#31: gracefully shutting down
2024/08/20 09:26:18 [notice] 32#32: gracefully shutting down
2024/08/20 09:26:18 [notice] 34#34: gracefully shutting down
2024/08/20 09:26:18 [notice] 33#33: gracefully shutting down
2024/08/20 09:26:18 [notice] 35#35: gracefully shutting down
2024/08/20 09:26:18 [notice] 37#37: gracefully shutting down
2024/08/20 09:26:18 [notice] 36#36: gracefully shutting down
2024/08/20 09:26:18 [notice] 38#38: gracefully shutting down
2024/08/20 09:26:18 [notice] 39#39: gracefully shutting down
2024/08/20 09:26:18 [notice] 40#40: gracefully shutting down
2024/08/20 09:26:18 [notice] 30#30: exiting
2024/08/20 09:26:18 [notice] 41#41: gracefully shutting down
2024/08/20 09:26:18 [notice] 31#31: exiting
2024/08/20 09:26:18 [notice] 32#32: exiting
2024/08/20 09:26:18 [notice] 43#43: gracefully shutting down
2024/08/20 09:26:18 [notice] 34#34: exiting
2024/08/20 09:26:18 [notice] 33#33: exiting
2024/08/20 09:26:18 [notice] 35#35: exiting
2024/08/20 09:26:18 [notice] 37#37: exiting
2024/08/20 09:26:18 [notice] 36#36: exiting
2024/08/20 09:26:18 [notice] 38#38: exiting
2024/08/20 09:26:18 [notice] 39#39: exiting
2024/08/20 09:26:18 [notice] 40#40: exiting
2024/08/20 09:26:18 [notice] 41#41: exiting
2024/08/20 09:26:18 [notice] 43#43: exiting
2024/08/20 09:26:18 [notice] 42#42: gracefully shutting down
2024/08/20 09:26:18 [notice] 42#42: exiting
2024/08/20 09:26:18 [notice] 33#33: exit
2024/08/20 09:26:18 [notice] 30#30: exit
2024/08/20 09:26:18 [notice] 31#31: exit
2024/08/20 09:26:18 [notice] 32#32: exit
2024/08/20 09:26:18 [notice] 40#40: exit
2024/08/20 09:26:18 [notice] 37#37: exit
2024/08/20 09:26:18 [notice] 36#36: exit
2024/08/20 09:26:18 [notice] 34#34: exit
2024/08/20 09:26:18 [notice] 39#39: exit
2024/08/20 09:26:18 [notice] 35#35: exit
2024/08/20 09:26:18 [notice] 38#38: exit
2024/08/20 09:26:18 [notice] 43#43: exit
2024/08/20 09:26:18 [notice] 41#41: exit
2024/08/20 09:26:18 [notice] 42#42: exit
2024/08/20 09:26:18 [notice] 44#44: gracefully shutting down
2024/08/20 09:26:18 [notice] 45#45: gracefully shutting down
2024/08/20 09:26:18 [notice] 44#44: exiting
2024/08/20 09:26:18 [notice] 45#45: exiting
2024/08/20 09:26:18 [notice] 44#44: exit
2024/08/20 09:26:18 [notice] 45#45: exit
2024/08/20 09:26:18 [notice] 1#1: signal 17 (SIGCHLD) received from 35
2024/08/20 09:26:18 [notice] 1#1: worker process 35 exited with code 0
2024/08/20 09:26:18 [notice] 1#1: worker process 30 exited with code 0
2024/08/20 09:26:18 [notice] 1#1: signal 29 (SIGIO) received
2024/08/20 09:26:18 [notice] 1#1: signal 17 (SIGCHLD) received from 30
2024/08/20 09:26:18 [notice] 1#1: signal 17 (SIGCHLD) received from 36
2024/08/20 09:26:18 [notice] 1#1: worker process 36 exited with code 0
2024/08/20 09:26:18 [notice] 1#1: signal 29 (SIGIO) received
2024/08/20 09:26:19 [notice] 1#1: signal 17 (SIGCHLD) received from 38
2024/08/20 09:26:19 [notice] 1#1: worker process 32 exited with code 0
2024/08/20 09:26:19 [notice] 1#1: worker process 38 exited with code 0
2024/08/20 09:26:19 [notice] 1#1: signal 29 (SIGIO) received
2024/08/20 09:26:19 [notice] 1#1: signal 17 (SIGCHLD) received from 32
2024/08/20 09:26:19 [notice] 1#1: worker process 34 exited with code 0
2024/08/20 09:26:19 [notice] 1#1: worker process 41 exited with code 0
2024/08/20 09:26:19 [notice] 1#1: signal 29 (SIGIO) received
2024/08/20 09:26:19 [notice] 1#1: signal 17 (SIGCHLD) received from 45
2024/08/20 09:26:19 [notice] 1#1: worker process 45 exited with code 0
2024/08/20 09:26:19 [notice] 1#1: signal 29 (SIGIO) received
2024/08/20 09:26:19 [notice] 1#1: signal 17 (SIGCHLD) received from 31
2024/08/20 09:26:19 [notice] 1#1: worker process 31 exited with code 0
2024/08/20 09:26:19 [notice] 1#1: worker process 44 exited with code 0
2024/08/20 09:26:19 [notice] 1#1: signal 29 (SIGIO) received
2024/08/20 09:26:19 [notice] 1#1: signal 17 (SIGCHLD) received from 33
2024/08/20 09:26:19 [notice] 1#1: worker process 33 exited with code 0
2024/08/20 09:26:19 [notice] 1#1: signal 29 (SIGIO) received
2024/08/20 09:26:19 [notice] 1#1: signal 17 (SIGCHLD) received from 43
2024/08/20 09:26:19 [notice] 1#1: worker process 43 exited with code 0
2024/08/20 09:26:19 [notice] 1#1: signal 29 (SIGIO) received
2024/08/20 09:26:19 [notice] 1#1: signal 17 (SIGCHLD) received from 37
2024/08/20 09:26:19 [notice] 1#1: worker process 37 exited with code 0
2024/08/20 09:26:19 [notice] 1#1: worker process 40 exited with code 0
2024/08/20 09:26:19 [notice] 1#1: signal 29 (SIGIO) received
2024/08/20 09:26:19 [notice] 1#1: signal 17 (SIGCHLD) received from 39
2024/08/20 09:26:19 [notice] 1#1: worker process 39 exited with code 0
2024/08/20 09:26:19 [notice] 1#1: signal 17 (SIGCHLD) received from 42
2024/08/20 09:26:19 [notice] 1#1: worker process 42 exited with code 0
2024/08/20 09:26:19 [notice] 1#1: exit
2024/08/20 09:26:42 [notice] 1#1: using the "epoll" event method
2024/08/20 09:26:42 [notice] 1#1: nginx/1.26.1
2024/08/20 09:26:42 [notice] 1#1: built by gcc 13.2.1 20231014 (Alpine 13.2.1_git20231014) 
2024/08/20 09:26:42 [notice] 1#1: OS: Linux 6.5.0-45-generic
2024/08/20 09:26:42 [notice] 1#1: getrlimit(RLIMIT_NOFILE): 1048576:1048576
2024/08/20 09:26:42 [notice] 1#1: start worker processes
2024/08/20 09:26:42 [notice] 1#1: start worker process 30
2024/08/20 09:26:42 [notice] 1#1: start worker process 31
2024/08/20 09:26:42 [notice] 1#1: start worker process 32
2024/08/20 09:26:42 [notice] 1#1: start worker process 33
2024/08/20 09:26:42 [notice] 1#1: start worker process 34
2024/08/20 09:26:42 [notice] 1#1: start worker process 35
2024/08/20 09:26:42 [notice] 1#1: start worker process 36
2024/08/20 09:26:42 [notice] 1#1: start worker process 37
2024/08/20 09:26:42 [notice] 1#1: start worker process 38
2024/08/20 09:26:42 [notice] 1#1: start worker process 39
2024/08/20 09:26:42 [notice] 1#1: start worker process 40
2024/08/20 09:26:42 [notice] 1#1: start worker process 41
2024/08/20 09:26:42 [notice] 1#1: start worker process 42
2024/08/20 09:26:42 [notice] 1#1: start worker process 43
2024/08/20 09:26:42 [notice] 1#1: start worker process 44
2024/08/20 09:26:42 [notice] 1#1: start worker process 45
2024/08/20 09:26:53 [notice] 1#1: signal 3 (SIGQUIT) received, shutting down
2024/08/20 09:26:53 [notice] 33#33: gracefully shutting down
2024/08/20 09:26:53 [notice] 32#32: gracefully shutting down
2024/08/20 09:26:53 [notice] 34#34: gracefully shutting down
2024/08/20 09:26:53 [notice] 36#36: gracefully shutting down
2024/08/20 09:26:53 [notice] 39#39: gracefully shutting down
2024/08/20 09:26:53 [notice] 38#38: gracefully shutting down
2024/08/20 09:26:53 [notice] 40#40: gracefully shutting down
2024/08/20 09:26:53 [notice] 33#33: exiting
2024/08/20 09:26:53 [notice] 32#32: exiting
2024/08/20 09:26:53 [notice] 30#30: gracefully shutting down
2024/08/20 09:26:53 [notice] 37#37: gracefully shutting down
2024/08/20 09:26:53 [notice] 35#35: gracefully shutting down
2024/08/20 09:26:53 [notice] 31#31: gracefully shutting down
2024/08/20 09:26:53 [notice] 41#41: gracefully shutting down
2024/08/20 09:26:53 [notice] 34#34: exiting
2024/08/20 09:26:53 [notice] 45#45: gracefully shutting down
2024/08/20 09:26:53 [notice] 36#36: exiting
2024/08/20 09:26:53 [notice] 39#39: exiting
2024/08/20 09:26:53 [notice] 38#38: exiting
2024/08/20 09:26:53 [notice] 40#40: exiting
2024/08/20 09:26:53 [notice] 30#30: exiting
2024/08/20 09:26:53 [notice] 37#37: exiting
2024/08/20 09:26:53 [notice] 35#35: exiting
2024/08/20 09:26:53 [notice] 31#31: exiting
2024/08/20 09:26:53 [notice] 42#42: gracefully shutting down
2024/08/20 09:26:53 [notice] 41#41: exiting
2024/08/20 09:26:53 [notice] 45#45: exiting
2024/08/20 09:26:53 [notice] 42#42: exiting
2024/08/20 09:26:53 [notice] 32#32: exit
2024/08/20 09:26:53 [notice] 33#33: exit
2024/08/20 09:26:53 [notice] 43#43: gracefully shutting down
2024/08/20 09:26:53 [notice] 43#43: exiting
2024/08/20 09:26:53 [notice] 34#34: exit
2024/08/20 09:26:53 [notice] 40#40: exit
2024/08/20 09:26:53 [notice] 31#31: exit
2024/08/20 09:26:53 [notice] 38#38: exit
2024/08/20 09:26:53 [notice] 39#39: exit
2024/08/20 09:26:53 [notice] 36#36: exit
2024/08/20 09:26:53 [notice] 35#35: exit
2024/08/20 09:26:53 [notice] 37#37: exit
2024/08/20 09:26:53 [notice] 45#45: exit
2024/08/20 09:26:53 [notice] 30#30: exit
2024/08/20 09:26:53 [notice] 42#42: exit
2024/08/20 09:26:53 [notice] 41#41: exit
2024/08/20 09:26:53 [notice] 43#43: exit
2024/08/20 09:26:53 [notice] 44#44: gracefully shutting down
2024/08/20 09:26:53 [notice] 44#44: exiting
2024/08/20 09:26:53 [notice] 44#44: exit
2024/08/20 09:26:53 [notice] 1#1: signal 17 (SIGCHLD) received from 41
2024/08/20 09:26:53 [notice] 1#1: worker process 36 exited with code 0
2024/08/20 09:26:53 [notice] 1#1: worker process 38 exited with code 0
2024/08/20 09:26:53 [notice] 1#1: worker process 41 exited with code 0
2024/08/20 09:26:53 [notice] 1#1: worker process 43 exited with code 0
2024/08/20 09:26:53 [notice] 1#1: signal 29 (SIGIO) received
2024/08/20 09:26:53 [notice] 1#1: signal 17 (SIGCHLD) received from 43
2024/08/20 09:26:53 [notice] 1#1: signal 17 (SIGCHLD) received from 30
2024/08/20 09:26:53 [notice] 1#1: worker process 30 exited with code 0
2024/08/20 09:26:53 [notice] 1#1: signal 29 (SIGIO) received
2024/08/20 09:26:53 [notice] 1#1: signal 17 (SIGCHLD) received from 45
2024/08/20 09:26:53 [notice] 1#1: worker process 45 exited with code 0
2024/08/20 09:26:53 [notice] 1#1: signal 29 (SIGIO) received
2024/08/20 09:26:53 [notice] 1#1: signal 17 (SIGCHLD) received from 32
2024/08/20 09:26:53 [notice] 1#1: worker process 32 exited with code 0
2024/08/20 09:26:53 [notice] 1#1: signal 29 (SIGIO) received
2024/08/20 09:26:53 [notice] 1#1: signal 17 (SIGCHLD) received from 33
2024/08/20 09:26:53 [notice] 1#1: worker process 33 exited with code 0
2024/08/20 09:26:53 [notice] 1#1: worker process 39 exited with code 0
2024/08/20 09:26:53 [notice] 1#1: signal 29 (SIGIO) received
2024/08/20 09:26:53 [notice] 1#1: signal 17 (SIGCHLD) received from 39
2024/08/20 09:26:53 [notice] 1#1: signal 17 (SIGCHLD) received from 37
2024/08/20 09:26:53 [notice] 1#1: worker process 34 exited with code 0
2024/08/20 09:26:53 [notice] 1#1: worker process 37 exited with code 0
2024/08/20 09:26:53 [notice] 1#1: signal 29 (SIGIO) received
2024/08/20 09:26:53 [notice] 1#1: signal 17 (SIGCHLD) received from 34
2024/08/20 09:26:53 [notice] 1#1: worker process 35 exited with code 0
2024/08/20 09:26:53 [notice] 1#1: worker process 44 exited with code 0
2024/08/20 09:26:53 [notice] 1#1: signal 29 (SIGIO) received
2024/08/20 09:26:53 [notice] 1#1: signal 17 (SIGCHLD) received from 44
2024/08/20 09:26:53 [notice] 1#1: signal 17 (SIGCHLD) received from 40
2024/08/20 09:26:53 [notice] 1#1: worker process 40 exited with code 0
2024/08/20 09:26:53 [notice] 1#1: signal 29 (SIGIO) received
2024/08/20 09:26:53 [notice] 1#1: signal 17 (SIGCHLD) received from 31
2024/08/20 09:26:53 [notice] 1#1: worker process 31 exited with code 0
2024/08/20 09:26:53 [notice] 1#1: signal 29 (SIGIO) received
2024/08/20 09:26:53 [notice] 1#1: signal 17 (SIGCHLD) received from 42
2024/08/20 09:26:53 [notice] 1#1: worker process 42 exited with code 0
2024/08/20 09:26:53 [notice] 1#1: exit
2024/08/20 09:27:07 [notice] 1#1: using the "epoll" event method
2024/08/20 09:27:07 [notice] 1#1: nginx/1.26.1
2024/08/20 09:27:07 [notice] 1#1: built by gcc 13.2.1 20231014 (Alpine 13.2.1_git20231014) 
2024/08/20 09:27:07 [notice] 1#1: OS: Linux 6.5.0-45-generic
2024/08/20 09:27:07 [notice] 1#1: getrlimit(RLIMIT_NOFILE): 1048576:1048576
2024/08/20 09:27:07 [notice] 1#1: start worker processes
2024/08/20 09:27:07 [notice] 1#1: start worker process 30
2024/08/20 09:27:07 [notice] 1#1: start worker process 31
2024/08/20 09:27:07 [notice] 1#1: start worker process 32
2024/08/20 09:27:07 [notice] 1#1: start worker process 33
2024/08/20 09:27:07 [notice] 1#1: start worker process 34
2024/08/20 09:27:07 [notice] 1#1: start worker process 35
2024/08/20 09:27:07 [notice] 1#1: start worker process 36
2024/08/20 09:27:07 [notice] 1#1: start worker process 37
2024/08/20 09:27:07 [notice] 1#1: start worker process 38
2024/08/20 09:27:07 [notice] 1#1: start worker process 39
2024/08/20 09:27:07 [notice] 1#1: start worker process 40
2024/08/20 09:27:07 [notice] 1#1: start worker process 41
2024/08/20 09:27:07 [notice] 1#1: start worker process 42
2024/08/20 09:27:07 [notice] 1#1: start worker process 43
2024/08/20 09:27:07 [notice] 1#1: start worker process 44
2024/08/20 09:27:07 [notice] 1#1: start worker process 45
2024/08/20 09:30:55 [error] 30#30: *1 open() "/usr/share/nginx/html/favicon.ico" failed (2: No such file or directory), client: 172.20.0.1, server: localhost, request: "GET /favicon.ico HTTP/1.1", host: "localhost:82", referrer: "http://localhost:82/"
2024/08/20 09:33:12 [notice] 1#1: signal 3 (SIGQUIT) received, shutting down
2024/08/20 09:33:12 [notice] 30#30: gracefully shutting down
2024/08/20 09:33:12 [notice] 31#31: gracefully shutting down
2024/08/20 09:33:12 [notice] 32#32: gracefully shutting down
2024/08/20 09:33:12 [notice] 34#34: gracefully shutting down
2024/08/20 09:33:12 [notice] 33#33: gracefully shutting down
2024/08/20 09:33:12 [notice] 35#35: gracefully shutting down
2024/08/20 09:33:12 [notice] 36#36: gracefully shutting down
2024/08/20 09:33:12 [notice] 37#37: gracefully shutting down
2024/08/20 09:33:12 [notice] 30#30: exiting
2024/08/20 09:33:12 [notice] 39#39: gracefully shutting down
2024/08/20 09:33:12 [notice] 38#38: gracefully shutting down
2024/08/20 09:33:12 [notice] 40#40: gracefully shutting down
2024/08/20 09:33:12 [notice] 32#32: exiting
2024/08/20 09:33:12 [notice] 44#44: gracefully shutting down
2024/08/20 09:33:12 [notice] 34#34: exiting
2024/08/20 09:33:12 [notice] 33#33: exiting
2024/08/20 09:33:12 [notice] 35#35: exiting
2024/08/20 09:33:12 [notice] 36#36: exiting
2024/08/20 09:33:12 [notice] 37#37: exiting
2024/08/20 09:33:12 [notice] 39#39: exiting
2024/08/20 09:33:12 [notice] 31#31: exiting
2024/08/20 09:33:12 [notice] 38#38: exiting
2024/08/20 09:33:12 [notice] 40#40: exiting
2024/08/20 09:33:12 [notice] 44#44: exiting
2024/08/20 09:33:12 [notice] 30#30: exit
2024/08/20 09:33:12 [notice] 32#32: exit
2024/08/20 09:33:12 [notice] 36#36: exit
2024/08/20 09:33:12 [notice] 45#45: gracefully shutting down
2024/08/20 09:33:12 [notice] 34#34: exit
2024/08/20 09:33:12 [notice] 33#33: exit
2024/08/20 09:33:12 [notice] 35#35: exit
2024/08/20 09:33:12 [notice] 44#44: exit
2024/08/20 09:33:12 [notice] 39#39: exit
2024/08/20 09:33:12 [notice] 45#45: exiting
2024/08/20 09:33:12 [notice] 37#37: exit
2024/08/20 09:33:12 [notice] 38#38: exit
2024/08/20 09:33:12 [notice] 31#31: exit
2024/08/20 09:33:12 [notice] 40#40: exit
2024/08/20 09:33:12 [notice] 45#45: exit
2024/08/20 09:33:12 [notice] 43#43: gracefully shutting down
2024/08/20 09:33:12 [notice] 43#43: exiting
2024/08/20 09:33:12 [notice] 41#41: gracefully shutting down
2024/08/20 09:33:12 [notice] 41#41: exiting
2024/08/20 09:33:12 [notice] 42#42: gracefully shutting down
2024/08/20 09:33:12 [notice] 43#43: exit
2024/08/20 09:33:12 [notice] 42#42: exiting
2024/08/20 09:33:12 [notice] 42#42: exit
2024/08/20 09:33:12 [notice] 41#41: exit
2024/08/20 09:33:12 [notice] 1#1: signal 17 (SIGCHLD) received from 36
2024/08/20 09:33:12 [notice] 1#1: worker process 31 exited with code 0
2024/08/20 09:33:12 [notice] 1#1: worker process 36 exited with code 0
2024/08/20 09:33:12 [notice] 1#1: worker process 41 exited with code 0
2024/08/20 09:33:12 [notice] 1#1: signal 29 (SIGIO) received
2024/08/20 09:33:12 [notice] 1#1: signal 17 (SIGCHLD) received from 38
2024/08/20 09:33:12 [notice] 1#1: worker process 38 exited with code 0
2024/08/20 09:33:12 [notice] 1#1: signal 29 (SIGIO) received
2024/08/20 09:33:12 [notice] 1#1: signal 17 (SIGCHLD) received from 35
2024/08/20 09:33:12 [notice] 1#1: worker process 35 exited with code 0
2024/08/20 09:33:12 [notice] 1#1: signal 29 (SIGIO) received
2024/08/20 09:33:12 [notice] 1#1: signal 17 (SIGCHLD) received from 32
2024/08/20 09:33:12 [notice] 1#1: worker process 32 exited with code 0
2024/08/20 09:33:12 [notice] 1#1: worker process 37 exited with code 0
2024/08/20 09:33:12 [notice] 1#1: worker process 42 exited with code 0
2024/08/20 09:33:12 [notice] 1#1: signal 29 (SIGIO) received
2024/08/20 09:33:12 [notice] 1#1: signal 17 (SIGCHLD) received from 37
2024/08/20 09:33:12 [notice] 1#1: worker process 43 exited with code 0
2024/08/20 09:33:12 [notice] 1#1: signal 29 (SIGIO) received
2024/08/20 09:33:12 [notice] 1#1: signal 17 (SIGCHLD) received from 30
2024/08/20 09:33:12 [notice] 1#1: worker process 30 exited with code 0
2024/08/20 09:33:12 [notice] 1#1: signal 29 (SIGIO) received
2024/08/20 09:33:12 [notice] 1#1: signal 17 (SIGCHLD) received from 45
2024/08/20 09:33:12 [notice] 1#1: worker process 45 exited with code 0
2024/08/20 09:33:12 [notice] 1#1: signal 29 (SIGIO) received
2024/08/20 09:33:12 [notice] 1#1: signal 17 (SIGCHLD) received from 33
2024/08/20 09:33:12 [notice] 1#1: worker process 33 exited with code 0
2024/08/20 09:33:12 [notice] 1#1: signal 29 (SIGIO) received
2024/08/20 09:33:12 [notice] 1#1: signal 17 (SIGCHLD) received from 40
2024/08/20 09:33:12 [notice] 1#1: worker process 40 exited with code 0
2024/08/20 09:33:12 [notice] 1#1: worker process 44 exited with code 0
2024/08/20 09:33:12 [notice] 1#1: signal 29 (SIGIO) received
2024/08/20 09:33:12 [notice] 1#1: signal 17 (SIGCHLD) received from 44
2024/08/20 09:33:12 [notice] 1#1: signal 17 (SIGCHLD) received from 39
2024/08/20 09:33:12 [notice] 1#1: worker process 39 exited with code 0
2024/08/20 09:33:12 [notice] 1#1: signal 29 (SIGIO) received
2024/08/20 09:33:12 [notice] 1#1: signal 17 (SIGCHLD) received from 34
2024/08/20 09:33:12 [notice] 1#1: worker process 34 exited with code 0
2024/08/20 09:33:12 [notice] 1#1: exit
2024/08/20 09:33:37 [notice] 1#1: using the "epoll" event method
2024/08/20 09:33:37 [notice] 1#1: nginx/1.26.1
2024/08/20 09:33:37 [notice] 1#1: built by gcc 13.2.1 20231014 (Alpine 13.2.1_git20231014) 
2024/08/20 09:33:37 [notice] 1#1: OS: Linux 6.5.0-45-generic
2024/08/20 09:33:37 [notice] 1#1: getrlimit(RLIMIT_NOFILE): 1048576:1048576
2024/08/20 09:33:37 [notice] 1#1: start worker processes
2024/08/20 09:33:37 [notice] 1#1: start worker process 30
2024/08/20 09:33:37 [notice] 1#1: start worker process 31
2024/08/20 09:33:37 [notice] 1#1: start worker process 32
2024/08/20 09:33:37 [notice] 1#1: start worker process 33
2024/08/20 09:33:37 [notice] 1#1: start worker process 34
2024/08/20 09:33:37 [notice] 1#1: start worker process 35
2024/08/20 09:33:37 [notice] 1#1: start worker process 36
2024/08/20 09:33:37 [notice] 1#1: start worker process 37
2024/08/20 09:33:37 [notice] 1#1: start worker process 38
2024/08/20 09:33:37 [notice] 1#1: start worker process 39
2024/08/20 09:33:37 [notice] 1#1: start worker process 40
2024/08/20 09:33:37 [notice] 1#1: start worker process 41
2024/08/20 09:33:37 [notice] 1#1: start worker process 42
2024/08/20 09:33:37 [notice] 1#1: start worker process 43
2024/08/20 09:33:37 [notice] 1#1: start worker process 44
2024/08/20 09:33:37 [notice] 1#1: start worker process 45
2024/08/20 09:33:45 [notice] 1#1: signal 3 (SIGQUIT) received, shutting down
2024/08/20 09:33:45 [notice] 30#30: gracefully shutting down
2024/08/20 09:33:45 [notice] 31#31: gracefully shutting down
2024/08/20 09:33:45 [notice] 32#32: gracefully shutting down
2024/08/20 09:33:45 [notice] 30#30: exiting
2024/08/20 09:33:45 [notice] 33#33: gracefully shutting down
2024/08/20 09:33:45 [notice] 34#34: gracefully shutting down
2024/08/20 09:33:45 [notice] 35#35: gracefully shutting down
2024/08/20 09:33:45 [notice] 36#36: gracefully shutting down
2024/08/20 09:33:45 [notice] 39#39: gracefully shutting down
2024/08/20 09:33:45 [notice] 32#32: exiting
2024/08/20 09:33:45 [notice] 33#33: exiting
2024/08/20 09:33:45 [notice] 37#37: gracefully shutting down
2024/08/20 09:33:45 [notice] 43#43: gracefully shutting down
2024/08/20 09:33:45 [notice] 34#34: exiting
2024/08/20 09:33:45 [notice] 41#41: gracefully shutting down
2024/08/20 09:33:45 [notice] 35#35: exiting
2024/08/20 09:33:45 [notice] 37#37: exiting
2024/08/20 09:33:45 [notice] 40#40: gracefully shutting down
2024/08/20 09:33:45 [notice] 36#36: exiting
2024/08/20 09:33:45 [notice] 38#38: gracefully shutting down
2024/08/20 09:33:45 [notice] 42#42: gracefully shutting down
2024/08/20 09:33:45 [notice] 39#39: exiting
2024/08/20 09:33:45 [notice] 31#31: exiting
2024/08/20 09:33:45 [notice] 43#43: exiting
2024/08/20 09:33:45 [notice] 41#41: exiting
2024/08/20 09:33:45 [notice] 30#30: exit
2024/08/20 09:33:45 [notice] 40#40: exiting
2024/08/20 09:33:45 [notice] 38#38: exiting
2024/08/20 09:33:45 [notice] 42#42: exiting
2024/08/20 09:33:45 [notice] 44#44: gracefully shutting down
2024/08/20 09:33:45 [notice] 44#44: exiting
2024/08/20 09:33:45 [notice] 33#33: exit
2024/08/20 09:33:45 [notice] 32#32: exit
2024/08/20 09:33:45 [notice] 34#34: exit
2024/08/20 09:33:45 [notice] 35#35: exit
2024/08/20 09:33:45 [notice] 36#36: exit
2024/08/20 09:33:45 [notice] 37#37: exit
2024/08/20 09:33:45 [notice] 39#39: exit
2024/08/20 09:33:45 [notice] 43#43: exit
2024/08/20 09:33:45 [notice] 31#31: exit
2024/08/20 09:33:45 [notice] 42#42: exit
2024/08/20 09:33:45 [notice] 40#40: exit
2024/08/20 09:33:45 [notice] 41#41: exit
2024/08/20 09:33:45 [notice] 44#44: exit
2024/08/20 09:33:45 [notice] 38#38: exit
2024/08/20 09:33:45 [notice] 45#45: gracefully shutting down
2024/08/20 09:33:45 [notice] 45#45: exiting
2024/08/20 09:33:45 [notice] 45#45: exit
2024/08/20 09:33:45 [notice] 1#1: signal 17 (SIGCHLD) received from 30
2024/08/20 09:33:45 [notice] 1#1: worker process 30 exited with code 0
2024/08/20 09:33:45 [notice] 1#1: worker process 42 exited with code 0
2024/08/20 09:33:45 [notice] 1#1: signal 29 (SIGIO) received
2024/08/20 09:33:45 [notice] 1#1: signal 17 (SIGCHLD) received from 42
2024/08/20 09:33:45 [notice] 1#1: signal 17 (SIGCHLD) received from 33
2024/08/20 09:33:45 [notice] 1#1: worker process 33 exited with code 0
2024/08/20 09:33:45 [notice] 1#1: worker process 44 exited with code 0
2024/08/20 09:33:45 [notice] 1#1: signal 29 (SIGIO) received
2024/08/20 09:33:45 [notice] 1#1: signal 17 (SIGCHLD) received from 44
2024/08/20 09:33:45 [notice] 1#1: worker process 40 exited with code 0
2024/08/20 09:33:45 [notice] 1#1: signal 29 (SIGIO) received
2024/08/20 09:33:45 [notice] 1#1: signal 17 (SIGCHLD) received from 43
2024/08/20 09:33:45 [notice] 1#1: worker process 43 exited with code 0
2024/08/20 09:33:45 [notice] 1#1: signal 29 (SIGIO) received
2024/08/20 09:33:45 [notice] 1#1: signal 17 (SIGCHLD) received from 35
2024/08/20 09:33:45 [notice] 1#1: worker process 35 exited with code 0
2024/08/20 09:33:45 [notice] 1#1: signal 29 (SIGIO) received
2024/08/20 09:33:45 [notice] 1#1: signal 17 (SIGCHLD) received from 38
2024/08/20 09:33:45 [notice] 1#1: worker process 31 exited with code 0
2024/08/20 09:33:45 [notice] 1#1: worker process 38 exited with code 0
2024/08/20 09:33:45 [notice] 1#1: signal 29 (SIGIO) received
2024/08/20 09:33:45 [notice] 1#1: signal 17 (SIGCHLD) received from 41
2024/08/20 09:33:45 [notice] 1#1: worker process 39 exited with code 0
2024/08/20 09:33:45 [notice] 1#1: worker process 41 exited with code 0
2024/08/20 09:33:45 [notice] 1#1: signal 29 (SIGIO) received
2024/08/20 09:33:45 [notice] 1#1: signal 17 (SIGCHLD) received from 32
2024/08/20 09:33:45 [notice] 1#1: worker process 32 exited with code 0
2024/08/20 09:33:45 [notice] 1#1: signal 29 (SIGIO) received
2024/08/20 09:33:45 [notice] 1#1: signal 17 (SIGCHLD) received from 36
2024/08/20 09:33:45 [notice] 1#1: worker process 36 exited with code 0
2024/08/20 09:33:45 [notice] 1#1: signal 29 (SIGIO) received
2024/08/20 09:33:45 [notice] 1#1: signal 17 (SIGCHLD) received from 37
2024/08/20 09:33:45 [notice] 1#1: worker process 37 exited with code 0
2024/08/20 09:33:45 [notice] 1#1: signal 29 (SIGIO) received
2024/08/20 09:33:45 [notice] 1#1: signal 17 (SIGCHLD) received from 34
2024/08/20 09:33:45 [notice] 1#1: worker process 34 exited with code 0
2024/08/20 09:33:45 [notice] 1#1: signal 17 (SIGCHLD) received from 45
2024/08/20 09:33:45 [notice] 1#1: worker process 45 exited with code 0
2024/08/20 09:33:45 [notice] 1#1: exit
2024/08/20 09:34:13 [notice] 1#1: using the "epoll" event method
2024/08/20 09:34:13 [notice] 1#1: nginx/1.26.1
2024/08/20 09:34:13 [notice] 1#1: built by gcc 13.2.1 20231014 (Alpine 13.2.1_git20231014) 
2024/08/20 09:34:13 [notice] 1#1: OS: Linux 6.5.0-45-generic
2024/08/20 09:34:13 [notice] 1#1: getrlimit(RLIMIT_NOFILE): 1048576:1048576
2024/08/20 09:34:13 [notice] 1#1: start worker processes
2024/08/20 09:34:13 [notice] 1#1: start worker process 30
2024/08/20 09:34:13 [notice] 1#1: start worker process 31
2024/08/20 09:34:13 [notice] 1#1: start worker process 32
2024/08/20 09:34:13 [notice] 1#1: start worker process 33
2024/08/20 09:34:13 [notice] 1#1: start worker process 34
2024/08/20 09:34:13 [notice] 1#1: start worker process 35
2024/08/20 09:34:13 [notice] 1#1: start worker process 36
2024/08/20 09:34:13 [notice] 1#1: start worker process 37
2024/08/20 09:34:13 [notice] 1#1: start worker process 38
2024/08/20 09:34:13 [notice] 1#1: start worker process 39
2024/08/20 09:34:13 [notice] 1#1: start worker process 40
2024/08/20 09:34:13 [notice] 1#1: start worker process 41
2024/08/20 09:34:13 [notice] 1#1: start worker process 42
2024/08/20 09:34:13 [notice] 1#1: start worker process 43
2024/08/20 09:34:13 [notice] 1#1: start worker process 44
2024/08/20 09:34:13 [notice] 1#1: start worker process 45
2024/08/20 09:34:16 [error] 30#30: *1 open() "/usr/share/nginx/html/favicon.ico" failed (2: No such file or directory), client: 172.20.0.1, server: localhost, request: "GET /favicon.ico HTTP/1.1", host: "localhost", referrer: "http://localhost/"
2024/08/20 09:36:05 [notice] 1#1: signal 3 (SIGQUIT) received, shutting down
2024/08/20 09:36:05 [notice] 30#30: gracefully shutting down
2024/08/20 09:36:05 [notice] 31#31: gracefully shutting down
2024/08/20 09:36:05 [notice] 32#32: gracefully shutting down
2024/08/20 09:36:05 [notice] 30#30: exiting
2024/08/20 09:36:05 [notice] 33#33: gracefully shutting down
2024/08/20 09:36:05 [notice] 34#34: gracefully shutting down
2024/08/20 09:36:05 [notice] 35#35: gracefully shutting down
2024/08/20 09:36:05 [notice] 36#36: gracefully shutting down
2024/08/20 09:36:05 [notice] 37#37: gracefully shutting down
2024/08/20 09:36:05 [notice] 38#38: gracefully shutting down
2024/08/20 09:36:05 [notice] 39#39: gracefully shutting down
2024/08/20 09:36:05 [notice] 40#40: gracefully shutting down
2024/08/20 09:36:05 [notice] 41#41: gracefully shutting down
2024/08/20 09:36:05 [notice] 43#43: gracefully shutting down
2024/08/20 09:36:05 [notice] 31#31: exiting
2024/08/20 09:36:05 [notice] 32#32: exiting
2024/08/20 09:36:05 [notice] 45#45: gracefully shutting down
2024/08/20 09:36:05 [notice] 33#33: exiting
2024/08/20 09:36:05 [notice] 34#34: exiting
2024/08/20 09:36:05 [notice] 44#44: gracefully shutting down
2024/08/20 09:36:05 [notice] 35#35: exiting
2024/08/20 09:36:05 [notice] 42#42: gracefully shutting down
2024/08/20 09:36:05 [notice] 36#36: exiting
2024/08/20 09:36:05 [notice] 37#37: exiting
2024/08/20 09:36:05 [notice] 38#38: exiting
2024/08/20 09:36:05 [notice] 39#39: exiting
2024/08/20 09:36:05 [notice] 40#40: exiting
2024/08/20 09:36:05 [notice] 30#30: exit
2024/08/20 09:36:05 [notice] 41#41: exiting
2024/08/20 09:36:05 [notice] 43#43: exiting
2024/08/20 09:36:05 [notice] 45#45: exiting
2024/08/20 09:36:05 [notice] 44#44: exiting
2024/08/20 09:36:05 [notice] 42#42: exiting
2024/08/20 09:36:05 [notice] 33#33: exit
2024/08/20 09:36:05 [notice] 32#32: exit
2024/08/20 09:36:05 [notice] 34#34: exit
2024/08/20 09:36:05 [notice] 31#31: exit
2024/08/20 09:36:05 [notice] 39#39: exit
2024/08/20 09:36:05 [notice] 37#37: exit
2024/08/20 09:36:05 [notice] 35#35: exit
2024/08/20 09:36:05 [notice] 41#41: exit
2024/08/20 09:36:05 [notice] 40#40: exit
2024/08/20 09:36:05 [notice] 43#43: exit
2024/08/20 09:36:05 [notice] 38#38: exit
2024/08/20 09:36:05 [notice] 45#45: exit
2024/08/20 09:36:05 [notice] 36#36: exit
2024/08/20 09:36:05 [notice] 42#42: exit
2024/08/20 09:36:05 [notice] 44#44: exit
2024/08/20 09:36:05 [notice] 1#1: signal 17 (SIGCHLD) received from 45
2024/08/20 09:36:05 [notice] 1#1: worker process 45 exited with code 0
2024/08/20 09:36:05 [notice] 1#1: signal 29 (SIGIO) received
2024/08/20 09:36:05 [notice] 1#1: signal 17 (SIGCHLD) received from 31
2024/08/20 09:36:05 [notice] 1#1: worker process 31 exited with code 0
2024/08/20 09:36:05 [notice] 1#1: signal 29 (SIGIO) received
2024/08/20 09:36:05 [notice] 1#1: signal 17 (SIGCHLD) received from 39
2024/08/20 09:36:05 [notice] 1#1: worker process 39 exited with code 0
2024/08/20 09:36:05 [notice] 1#1: signal 29 (SIGIO) received
2024/08/20 09:36:05 [notice] 1#1: signal 17 (SIGCHLD) received from 34
2024/08/20 09:36:05 [notice] 1#1: worker process 34 exited with code 0
2024/08/20 09:36:05 [notice] 1#1: signal 29 (SIGIO) received
2024/08/20 09:36:05 [notice] 1#1: signal 17 (SIGCHLD) received from 40
2024/08/20 09:36:05 [notice] 1#1: worker process 32 exited with code 0
2024/08/20 09:36:05 [notice] 1#1: worker process 40 exited with code 0
2024/08/20 09:36:05 [notice] 1#1: signal 29 (SIGIO) received
2024/08/20 09:36:05 [notice] 1#1: signal 17 (SIGCHLD) received from 36
2024/08/20 09:36:05 [notice] 1#1: worker process 36 exited with code 0
2024/08/20 09:36:05 [notice] 1#1: signal 29 (SIGIO) received
2024/08/20 09:36:05 [notice] 1#1: signal 17 (SIGCHLD) received from 30
2024/08/20 09:36:05 [notice] 1#1: worker process 30 exited with code 0
2024/08/20 09:36:05 [notice] 1#1: worker process 44 exited with code 0
2024/08/20 09:36:05 [notice] 1#1: signal 29 (SIGIO) received
2024/08/20 09:36:05 [notice] 1#1: signal 17 (SIGCHLD) received from 38
2024/08/20 09:36:05 [notice] 1#1: worker process 38 exited with code 0
2024/08/20 09:36:05 [notice] 1#1: signal 29 (SIGIO) received
2024/08/20 09:36:05 [notice] 1#1: signal 17 (SIGCHLD) received from 33
2024/08/20 09:36:05 [notice] 1#1: worker process 33 exited with code 0
2024/08/20 09:36:05 [notice] 1#1: signal 29 (SIGIO) received
2024/08/20 09:36:05 [notice] 1#1: signal 17 (SIGCHLD) received from 35
2024/08/20 09:36:05 [notice] 1#1: worker process 35 exited with code 0
2024/08/20 09:36:05 [notice] 1#1: signal 29 (SIGIO) received
2024/08/20 09:36:05 [notice] 1#1: signal 17 (SIGCHLD) received from 41
2024/08/20 09:36:05 [notice] 1#1: worker process 41 exited with code 0
2024/08/20 09:36:05 [notice] 1#1: signal 29 (SIGIO) received
2024/08/20 09:36:05 [notice] 1#1: signal 17 (SIGCHLD) received from 43
2024/08/20 09:36:05 [notice] 1#1: worker process 43 exited with code 0
2024/08/20 09:36:05 [notice] 1#1: signal 29 (SIGIO) received
2024/08/20 09:36:05 [notice] 1#1: signal 17 (SIGCHLD) received from 42
2024/08/20 09:36:05 [notice] 1#1: worker process 42 exited with code 0
2024/08/20 09:36:05 [notice] 1#1: signal 29 (SIGIO) received
2024/08/20 09:36:05 [notice] 1#1: signal 17 (SIGCHLD) received from 37
2024/08/20 09:36:05 [notice] 1#1: worker process 37 exited with code 0
2024/08/20 09:36:05 [notice] 1#1: exit
2024/08/20 09:36:23 [notice] 1#1: using the "epoll" event method
2024/08/20 09:36:23 [notice] 1#1: nginx/1.26.1
2024/08/20 09:36:23 [notice] 1#1: built by gcc 13.2.1 20231014 (Alpine 13.2.1_git20231014) 
2024/08/20 09:36:23 [notice] 1#1: OS: Linux 6.5.0-45-generic
2024/08/20 09:36:23 [notice] 1#1: getrlimit(RLIMIT_NOFILE): 1048576:1048576
2024/08/20 09:36:23 [notice] 1#1: start worker processes
2024/08/20 09:36:23 [notice] 1#1: start worker process 30
2024/08/20 09:36:23 [notice] 1#1: start worker process 31
2024/08/20 09:36:23 [notice] 1#1: start worker process 32
2024/08/20 09:36:23 [notice] 1#1: start worker process 33
2024/08/20 09:36:23 [notice] 1#1: start worker process 34
2024/08/20 09:36:23 [notice] 1#1: start worker process 35
2024/08/20 09:36:23 [notice] 1#1: start worker process 36
2024/08/20 09:36:23 [notice] 1#1: start worker process 37
2024/08/20 09:36:23 [notice] 1#1: start worker process 38
2024/08/20 09:36:23 [notice] 1#1: start worker process 39
2024/08/20 09:36:23 [notice] 1#1: start worker process 40
2024/08/20 09:36:23 [notice] 1#1: start worker process 41
2024/08/20 09:36:23 [notice] 1#1: start worker process 42
2024/08/20 09:36:23 [notice] 1#1: start worker process 43
2024/08/20 09:36:23 [notice] 1#1: start worker process 44
2024/08/20 09:36:23 [notice] 1#1: start worker process 45
2024/08/20 09:36:44 [notice] 1#1: signal 3 (SIGQUIT) received, shutting down
2024/08/20 09:36:44 [notice] 31#31: gracefully shutting down
2024/08/20 09:36:44 [notice] 30#30: gracefully shutting down
2024/08/20 09:36:44 [notice] 32#32: gracefully shutting down
2024/08/20 09:36:44 [notice] 34#34: gracefully shutting down
2024/08/20 09:36:44 [notice] 36#36: gracefully shutting down
2024/08/20 09:36:44 [notice] 37#37: gracefully shutting down
2024/08/20 09:36:44 [notice] 31#31: exiting
2024/08/20 09:36:44 [notice] 40#40: gracefully shutting down
2024/08/20 09:36:44 [notice] 38#38: gracefully shutting down
2024/08/20 09:36:44 [notice] 41#41: gracefully shutting down
2024/08/20 09:36:44 [notice] 30#30: exiting
2024/08/20 09:36:44 [notice] 32#32: exiting
2024/08/20 09:36:44 [notice] 33#33: gracefully shutting down
2024/08/20 09:36:44 [notice] 42#42: gracefully shutting down
2024/08/20 09:36:44 [notice] 35#35: gracefully shutting down
2024/08/20 09:36:44 [notice] 39#39: gracefully shutting down
2024/08/20 09:36:44 [notice] 34#34: exiting
2024/08/20 09:36:44 [notice] 36#36: exiting
2024/08/20 09:36:44 [notice] 37#37: exiting
2024/08/20 09:36:44 [notice] 40#40: exiting
2024/08/20 09:36:44 [notice] 38#38: exiting
2024/08/20 09:36:44 [notice] 41#41: exiting
2024/08/20 09:36:44 [notice] 44#44: gracefully shutting down
2024/08/20 09:36:44 [notice] 42#42: exiting
2024/08/20 09:36:44 [notice] 35#35: exiting
2024/08/20 09:36:44 [notice] 39#39: exiting
2024/08/20 09:36:44 [notice] 45#45: gracefully shutting down
2024/08/20 09:36:44 [notice] 31#31: exit
2024/08/20 09:36:44 [notice] 45#45: exiting
2024/08/20 09:36:44 [notice] 43#43: gracefully shutting down
2024/08/20 09:36:44 [notice] 32#32: exit
2024/08/20 09:36:44 [notice] 30#30: exit
2024/08/20 09:36:44 [notice] 43#43: exiting
2024/08/20 09:36:44 [notice] 36#36: exit
2024/08/20 09:36:44 [notice] 41#41: exit
2024/08/20 09:36:44 [notice] 34#34: exit
2024/08/20 09:36:44 [notice] 42#42: exit
2024/08/20 09:36:44 [notice] 40#40: exit
2024/08/20 09:36:44 [notice] 38#38: exit
2024/08/20 09:36:44 [notice] 37#37: exit
2024/08/20 09:36:44 [notice] 35#35: exit
2024/08/20 09:36:44 [notice] 45#45: exit
2024/08/20 09:36:44 [notice] 39#39: exit
2024/08/20 09:36:44 [notice] 43#43: exit
2024/08/20 09:36:44 [notice] 44#44: exiting
2024/08/20 09:36:44 [notice] 33#33: exiting
2024/08/20 09:36:44 [notice] 33#33: exit
2024/08/20 09:36:44 [notice] 44#44: exit
2024/08/20 09:36:44 [notice] 1#1: signal 17 (SIGCHLD) received from 45
2024/08/20 09:36:44 [notice] 1#1: worker process 45 exited with code 0
2024/08/20 09:36:44 [notice] 1#1: signal 29 (SIGIO) received
2024/08/20 09:36:44 [notice] 1#1: signal 17 (SIGCHLD) received from 43
2024/08/20 09:36:44 [notice] 1#1: worker process 43 exited with code 0
2024/08/20 09:36:44 [notice] 1#1: signal 29 (SIGIO) received
2024/08/20 09:36:44 [notice] 1#1: signal 17 (SIGCHLD) received from 30
2024/08/20 09:36:44 [notice] 1#1: worker process 30 exited with code 0
2024/08/20 09:36:44 [notice] 1#1: worker process 38 exited with code 0
2024/08/20 09:36:44 [notice] 1#1: worker process 41 exited with code 0
2024/08/20 09:36:44 [notice] 1#1: signal 29 (SIGIO) received
2024/08/20 09:36:44 [notice] 1#1: signal 17 (SIGCHLD) received from 38
2024/08/20 09:36:44 [notice] 1#1: signal 17 (SIGCHLD) received from 34
2024/08/20 09:36:44 [notice] 1#1: worker process 34 exited with code 0
2024/08/20 09:36:44 [notice] 1#1: worker process 39 exited with code 0
2024/08/20 09:36:44 [notice] 1#1: signal 29 (SIGIO) received
2024/08/20 09:36:44 [notice] 1#1: signal 17 (SIGCHLD) received from 37
2024/08/20 09:36:44 [notice] 1#1: worker process 37 exited with code 0
2024/08/20 09:36:44 [notice] 1#1: signal 29 (SIGIO) received
2024/08/20 09:36:44 [notice] 1#1: signal 17 (SIGCHLD) received from 40
2024/08/20 09:36:44 [notice] 1#1: worker process 40 exited with code 0
2024/08/20 09:36:44 [notice] 1#1: signal 29 (SIGIO) received
2024/08/20 09:36:44 [notice] 1#1: signal 17 (SIGCHLD) received from 35
2024/08/20 09:36:44 [notice] 1#1: worker process 35 exited with code 0
2024/08/20 09:36:44 [notice] 1#1: signal 29 (SIGIO) received
2024/08/20 09:36:44 [notice] 1#1: signal 17 (SIGCHLD) received from 42
2024/08/20 09:36:44 [notice] 1#1: worker process 42 exited with code 0
2024/08/20 09:36:44 [notice] 1#1: signal 29 (SIGIO) received
2024/08/20 09:36:44 [notice] 1#1: signal 17 (SIGCHLD) received from 36
2024/08/20 09:36:44 [notice] 1#1: worker process 36 exited with code 0
2024/08/20 09:36:44 [notice] 1#1: signal 29 (SIGIO) received
2024/08/20 09:36:44 [notice] 1#1: signal 17 (SIGCHLD) received from 31
2024/08/20 09:36:44 [notice] 1#1: worker process 31 exited with code 0
2024/08/20 09:36:44 [notice] 1#1: signal 29 (SIGIO) received
2024/08/20 09:36:44 [notice] 1#1: signal 17 (SIGCHLD) received from 32
2024/08/20 09:36:44 [notice] 1#1: worker process 32 exited with code 0
2024/08/20 09:36:44 [notice] 1#1: worker process 44 exited with code 0
2024/08/20 09:36:44 [notice] 1#1: signal 29 (SIGIO) received
2024/08/20 09:36:44 [notice] 1#1: signal 17 (SIGCHLD) received from 44
2024/08/20 09:36:44 [notice] 1#1: signal 17 (SIGCHLD) received from 33
2024/08/20 09:36:44 [notice] 1#1: worker process 33 exited with code 0
2024/08/20 09:36:44 [notice] 1#1: exit
2024/08/20 09:36:51 [notice] 1#1: using the "epoll" event method
2024/08/20 09:36:51 [notice] 1#1: nginx/1.26.1
2024/08/20 09:36:51 [notice] 1#1: built by gcc 13.2.1 20231014 (Alpine 13.2.1_git20231014) 
2024/08/20 09:36:51 [notice] 1#1: OS: Linux 6.5.0-45-generic
2024/08/20 09:36:51 [notice] 1#1: getrlimit(RLIMIT_NOFILE): 1048576:1048576
2024/08/20 09:36:51 [notice] 1#1: start worker processes
2024/08/20 09:36:51 [notice] 1#1: start worker process 29
2024/08/20 09:36:51 [notice] 1#1: start worker process 30
2024/08/20 09:36:51 [notice] 1#1: start worker process 31
2024/08/20 09:36:51 [notice] 1#1: start worker process 32
2024/08/20 09:36:51 [notice] 1#1: start worker process 33
2024/08/20 09:36:51 [notice] 1#1: start worker process 34
2024/08/20 09:36:51 [notice] 1#1: start worker process 35
2024/08/20 09:36:51 [notice] 1#1: start worker process 36
2024/08/20 09:36:51 [notice] 1#1: start worker process 37
2024/08/20 09:36:51 [notice] 1#1: start worker process 38
2024/08/20 09:36:51 [notice] 1#1: start worker process 39
2024/08/20 09:36:51 [notice] 1#1: start worker process 40
2024/08/20 09:36:51 [notice] 1#1: start worker process 41
2024/08/20 09:36:51 [notice] 1#1: start worker process 42
2024/08/20 09:36:51 [notice] 1#1: start worker process 43
2024/08/20 09:36:51 [notice] 1#1: start worker process 44
2024/08/20 11:24:54 [notice] 1#1: signal 3 (SIGQUIT) received, shutting down
2024/08/20 11:24:54 [notice] 29#29: gracefully shutting down
2024/08/20 11:24:54 [notice] 30#30: gracefully shutting down
2024/08/20 11:24:54 [notice] 31#31: gracefully shutting down
2024/08/20 11:24:54 [notice] 32#32: gracefully shutting down
2024/08/20 11:24:54 [notice] 30#30: exiting
2024/08/20 11:24:54 [notice] 34#34: gracefully shutting down
2024/08/20 11:24:54 [notice] 36#36: gracefully shutting down
2024/08/20 11:24:54 [notice] 33#33: gracefully shutting down
2024/08/20 11:24:54 [notice] 35#35: gracefully shutting down
2024/08/20 11:24:54 [notice] 39#39: gracefully shutting down
2024/08/20 11:24:54 [notice] 38#38: gracefully shutting down
2024/08/20 11:24:54 [notice] 42#42: gracefully shutting down
2024/08/20 11:24:54 [notice] 37#37: gracefully shutting down
2024/08/20 11:24:54 [notice] 31#31: exiting
2024/08/20 11:24:54 [notice] 32#32: exiting
2024/08/20 11:24:54 [notice] 34#34: exiting
2024/08/20 11:24:54 [notice] 40#40: gracefully shutting down
2024/08/20 11:24:54 [notice] 36#36: exiting
2024/08/20 11:24:54 [notice] 33#33: exiting
2024/08/20 11:24:54 [notice] 35#35: exiting
2024/08/20 11:24:54 [notice] 39#39: exiting
2024/08/20 11:24:54 [notice] 38#38: exiting
2024/08/20 11:24:54 [notice] 42#42: exiting
2024/08/20 11:24:54 [notice] 29#29: exiting
2024/08/20 11:24:54 [notice] 37#37: exiting
2024/08/20 11:24:54 [notice] 40#40: exiting
2024/08/20 11:24:54 [notice] 30#30: exit
2024/08/20 11:24:54 [notice] 31#31: exit
2024/08/20 11:24:54 [notice] 32#32: exit
2024/08/20 11:24:54 [notice] 41#41: gracefully shutting down
2024/08/20 11:24:54 [notice] 34#34: exit
2024/08/20 11:24:54 [notice] 39#39: exit
2024/08/20 11:24:54 [notice] 33#33: exit
2024/08/20 11:24:54 [notice] 36#36: exit
2024/08/20 11:24:54 [notice] 40#40: exit
2024/08/20 11:24:54 [notice] 42#42: exit
2024/08/20 11:24:54 [notice] 35#35: exit
2024/08/20 11:24:54 [notice] 41#41: exiting
2024/08/20 11:24:54 [notice] 29#29: exit
2024/08/20 11:24:54 [notice] 37#37: exit
2024/08/20 11:24:54 [notice] 38#38: exit
2024/08/20 11:24:54 [notice] 41#41: exit
2024/08/20 11:24:54 [notice] 44#44: gracefully shutting down
2024/08/20 11:24:54 [notice] 44#44: exiting
2024/08/20 11:24:54 [notice] 43#43: gracefully shutting down
2024/08/20 11:24:54 [notice] 43#43: exiting
2024/08/20 11:24:54 [notice] 44#44: exit
2024/08/20 11:24:54 [notice] 43#43: exit
2024/08/20 11:24:54 [notice] 1#1: signal 17 (SIGCHLD) received from 31
2024/08/20 11:24:54 [notice] 1#1: worker process 31 exited with code 0
2024/08/20 11:24:54 [notice] 1#1: signal 29 (SIGIO) received
2024/08/20 11:24:54 [notice] 1#1: signal 17 (SIGCHLD) received from 38
2024/08/20 11:24:54 [notice] 1#1: worker process 38 exited with code 0
2024/08/20 11:24:54 [notice] 1#1: signal 29 (SIGIO) received
2024/08/20 11:24:54 [notice] 1#1: signal 17 (SIGCHLD) received from 29
2024/08/20 11:24:54 [notice] 1#1: worker process 29 exited with code 0
2024/08/20 11:24:54 [notice] 1#1: signal 29 (SIGIO) received
2024/08/20 11:24:54 [notice] 1#1: signal 17 (SIGCHLD) received from 40
2024/08/20 11:24:54 [notice] 1#1: worker process 36 exited with code 0
2024/08/20 11:24:54 [notice] 1#1: worker process 40 exited with code 0
2024/08/20 11:24:54 [notice] 1#1: worker process 41 exited with code 0
2024/08/20 11:24:54 [notice] 1#1: signal 29 (SIGIO) received
2024/08/20 11:24:54 [notice] 1#1: signal 17 (SIGCHLD) received from 42
2024/08/20 11:24:54 [notice] 1#1: worker process 39 exited with code 0
2024/08/20 11:24:54 [notice] 1#1: worker process 34 exited with code 0
2024/08/20 11:24:54 [notice] 1#1: worker process 42 exited with code 0
2024/08/20 11:24:54 [notice] 1#1: worker process 44 exited with code 0
2024/08/20 11:24:54 [notice] 1#1: signal 29 (SIGIO) received
2024/08/20 11:24:54 [notice] 1#1: signal 17 (SIGCHLD) received from 39
2024/08/20 11:24:54 [notice] 1#1: signal 17 (SIGCHLD) received from 32
2024/08/20 11:24:54 [notice] 1#1: worker process 32 exited with code 0
2024/08/20 11:24:54 [notice] 1#1: signal 29 (SIGIO) received
2024/08/20 11:24:54 [notice] 1#1: signal 17 (SIGCHLD) received from 30
2024/08/20 11:24:54 [notice] 1#1: worker process 30 exited with code 0
2024/08/20 11:24:54 [notice] 1#1: worker process 33 exited with code 0
2024/08/20 11:24:54 [notice] 1#1: worker process 37 exited with code 0
2024/08/20 11:24:54 [notice] 1#1: worker process 43 exited with code 0
2024/08/20 11:24:54 [notice] 1#1: signal 29 (SIGIO) received
2024/08/20 11:24:54 [notice] 1#1: signal 17 (SIGCHLD) received from 43
2024/08/20 11:24:54 [notice] 1#1: signal 17 (SIGCHLD) received from 35
2024/08/20 11:24:54 [notice] 1#1: worker process 35 exited with code 0
2024/08/20 11:24:54 [notice] 1#1: exit
2024/08/20 11:25:15 [notice] 1#1: using the "epoll" event method
2024/08/20 11:25:15 [notice] 1#1: nginx/1.26.1
2024/08/20 11:25:15 [notice] 1#1: built by gcc 13.2.1 20231014 (Alpine 13.2.1_git20231014) 
2024/08/20 11:25:15 [notice] 1#1: OS: Linux 6.5.0-45-generic
2024/08/20 11:25:15 [notice] 1#1: getrlimit(RLIMIT_NOFILE): 1048576:1048576
2024/08/20 11:25:15 [notice] 1#1: start worker processes
2024/08/20 11:25:15 [notice] 1#1: start worker process 29
2024/08/20 11:25:15 [notice] 1#1: start worker process 30
2024/08/20 11:25:15 [notice] 1#1: start worker process 31
2024/08/20 11:25:15 [notice] 1#1: start worker process 32
2024/08/20 11:25:15 [notice] 1#1: start worker process 33
2024/08/20 11:25:15 [notice] 1#1: start worker process 34
2024/08/20 11:25:15 [notice] 1#1: start worker process 35
2024/08/20 11:25:15 [notice] 1#1: start worker process 36
2024/08/20 11:25:15 [notice] 1#1: start worker process 37
2024/08/20 11:25:15 [notice] 1#1: start worker process 38
2024/08/20 11:25:15 [notice] 1#1: start worker process 39
2024/08/20 11:25:15 [notice] 1#1: start worker process 40
2024/08/20 11:25:15 [notice] 1#1: start worker process 41
2024/08/20 11:25:15 [notice] 1#1: start worker process 42
2024/08/20 11:25:15 [notice] 1#1: start worker process 43
2024/08/20 11:25:15 [notice] 1#1: start worker process 44
2024/08/20 11:32:16 [notice] 1#1: signal 3 (SIGQUIT) received, shutting down
2024/08/20 11:32:16 [notice] 29#29: gracefully shutting down
2024/08/20 11:32:16 [notice] 30#30: gracefully shutting down
2024/08/20 11:32:16 [notice] 31#31: gracefully shutting down
2024/08/20 11:32:16 [notice] 32#32: gracefully shutting down
2024/08/20 11:32:16 [notice] 33#33: gracefully shutting down
2024/08/20 11:32:16 [notice] 38#38: gracefully shutting down
2024/08/20 11:32:16 [notice] 34#34: gracefully shutting down
2024/08/20 11:32:16 [notice] 42#42: gracefully shutting down
2024/08/20 11:32:16 [notice] 37#37: gracefully shutting down
2024/08/20 11:32:16 [notice] 29#29: exiting
2024/08/20 11:32:16 [notice] 40#40: gracefully shutting down
2024/08/20 11:32:16 [notice] 37#37: exiting
2024/08/20 11:32:16 [notice] 33#33: exiting
2024/08/20 11:32:16 [notice] 36#36: gracefully shutting down
2024/08/20 11:32:16 [notice] 38#38: exiting
2024/08/20 11:32:16 [notice] 42#42: exiting
2024/08/20 11:32:16 [notice] 39#39: gracefully shutting down
2024/08/20 11:32:16 [notice] 40#40: exiting
2024/08/20 11:32:16 [notice] 36#36: exiting
2024/08/20 11:32:16 [notice] 39#39: exiting
2024/08/20 11:32:16 [notice] 34#34: exiting
2024/08/20 11:32:16 [notice] 37#37: exit
2024/08/20 11:32:16 [notice] 29#29: exit
2024/08/20 11:32:16 [notice] 33#33: exit
2024/08/20 11:32:16 [notice] 38#38: exit
2024/08/20 11:32:16 [notice] 42#42: exit
2024/08/20 11:32:16 [notice] 34#34: exit
2024/08/20 11:32:16 [notice] 36#36: exit
2024/08/20 11:32:16 [notice] 40#40: exit
2024/08/20 11:32:16 [notice] 39#39: exit
2024/08/20 11:32:16 [notice] 30#30: exiting
2024/08/20 11:32:16 [notice] 30#30: exit
2024/08/20 11:32:16 [notice] 31#31: exiting
2024/08/20 11:32:16 [notice] 31#31: exit
2024/08/20 11:32:16 [notice] 32#32: exiting
2024/08/20 11:32:16 [notice] 35#35: gracefully shutting down
2024/08/20 11:32:16 [notice] 41#41: gracefully shutting down
2024/08/20 11:32:16 [notice] 43#43: gracefully shutting down
2024/08/20 11:32:16 [notice] 41#41: exiting
2024/08/20 11:32:16 [notice] 44#44: gracefully shutting down
2024/08/20 11:32:16 [notice] 43#43: exiting
2024/08/20 11:32:16 [notice] 35#35: exiting
2024/08/20 11:32:16 [notice] 32#32: exit
2024/08/20 11:32:16 [notice] 44#44: exiting
2024/08/20 11:32:16 [notice] 41#41: exit
2024/08/20 11:32:16 [notice] 43#43: exit
2024/08/20 11:32:16 [notice] 35#35: exit
2024/08/20 11:32:16 [notice] 44#44: exit
2024/08/20 11:32:16 [notice] 1#1: signal 17 (SIGCHLD) received from 36
2024/08/20 11:32:16 [notice] 1#1: worker process 32 exited with code 0
2024/08/20 11:32:16 [notice] 1#1: worker process 36 exited with code 0
2024/08/20 11:32:16 [notice] 1#1: signal 29 (SIGIO) received
2024/08/20 11:32:16 [notice] 1#1: signal 17 (SIGCHLD) received from 40
2024/08/20 11:32:16 [notice] 1#1: worker process 40 exited with code 0
2024/08/20 11:32:16 [notice] 1#1: signal 29 (SIGIO) received
2024/08/20 11:32:17 [notice] 1#1: signal 17 (SIGCHLD) received from 33
2024/08/20 11:32:17 [notice] 1#1: worker process 30 exited with code 0
2024/08/20 11:32:17 [notice] 1#1: worker process 33 exited with code 0
2024/08/20 11:32:17 [notice] 1#1: worker process 35 exited with code 0
2024/08/20 11:32:17 [notice] 1#1: worker process 37 exited with code 0
2024/08/20 11:32:17 [notice] 1#1: signal 29 (SIGIO) received
2024/08/20 11:32:17 [notice] 1#1: signal 17 (SIGCHLD) received from 37
2024/08/20 11:32:17 [notice] 1#1: worker process 42 exited with code 0
2024/08/20 11:32:17 [notice] 1#1: signal 29 (SIGIO) received
2024/08/20 11:32:17 [notice] 1#1: signal 17 (SIGCHLD) received from 39
2024/08/20 11:32:17 [notice] 1#1: worker process 39 exited with code 0
2024/08/20 11:32:17 [notice] 1#1: signal 29 (SIGIO) received
2024/08/20 11:32:17 [notice] 1#1: signal 17 (SIGCHLD) received from 34
2024/08/20 11:32:17 [notice] 1#1: worker process 31 exited with code 0
2024/08/20 11:32:17 [notice] 1#1: worker process 34 exited with code 0
2024/08/20 11:32:17 [notice] 1#1: worker process 38 exited with code 0
2024/08/20 11:32:17 [notice] 1#1: worker process 43 exited with code 0
2024/08/20 11:32:17 [notice] 1#1: signal 29 (SIGIO) received
2024/08/20 11:32:17 [notice] 1#1: signal 17 (SIGCHLD) received from 38
2024/08/20 11:32:17 [notice] 1#1: signal 17 (SIGCHLD) received from 41
2024/08/20 11:32:17 [notice] 1#1: worker process 41 exited with code 0
2024/08/20 11:32:17 [notice] 1#1: signal 29 (SIGIO) received
2024/08/20 11:32:17 [notice] 1#1: signal 17 (SIGCHLD) received from 44
2024/08/20 11:32:17 [notice] 1#1: worker process 29 exited with code 0
2024/08/20 11:32:17 [notice] 1#1: worker process 44 exited with code 0
2024/08/20 11:32:17 [notice] 1#1: exit
2024/08/20 11:32:29 [notice] 1#1: using the "epoll" event method
2024/08/20 11:32:29 [notice] 1#1: nginx/1.26.1
2024/08/20 11:32:29 [notice] 1#1: built by gcc 13.2.1 20231014 (Alpine 13.2.1_git20231014) 
2024/08/20 11:32:29 [notice] 1#1: OS: Linux 6.5.0-45-generic
2024/08/20 11:32:29 [notice] 1#1: getrlimit(RLIMIT_NOFILE): 1048576:1048576
2024/08/20 11:32:29 [notice] 1#1: start worker processes
2024/08/20 11:32:29 [notice] 1#1: start worker process 29
2024/08/20 11:32:29 [notice] 1#1: start worker process 30
2024/08/20 11:32:29 [notice] 1#1: start worker process 31
2024/08/20 11:32:29 [notice] 1#1: start worker process 32
2024/08/20 11:32:29 [notice] 1#1: start worker process 33
2024/08/20 11:32:29 [notice] 1#1: start worker process 34
2024/08/20 11:32:29 [notice] 1#1: start worker process 35
2024/08/20 11:32:29 [notice] 1#1: start worker process 36
2024/08/20 11:32:29 [notice] 1#1: start worker process 37
2024/08/20 11:32:29 [notice] 1#1: start worker process 38
2024/08/20 11:32:29 [notice] 1#1: start worker process 39
2024/08/20 11:32:29 [notice] 1#1: start worker process 40
2024/08/20 11:32:29 [notice] 1#1: start worker process 41
2024/08/20 11:32:29 [notice] 1#1: start worker process 42
2024/08/20 11:32:29 [notice] 1#1: start worker process 43
2024/08/20 11:32:29 [notice] 1#1: start worker process 44
2024/08/20 13:17:16 [notice] 1#1: signal 3 (SIGQUIT) received, shutting down
2024/08/20 13:17:16 [notice] 29#29: gracefully shutting down
2024/08/20 13:17:16 [notice] 30#30: gracefully shutting down
2024/08/20 13:17:16 [notice] 32#32: gracefully shutting down
2024/08/20 13:17:16 [notice] 33#33: gracefully shutting down
2024/08/20 13:17:16 [notice] 35#35: gracefully shutting down
2024/08/20 13:17:16 [notice] 34#34: gracefully shutting down
2024/08/20 13:17:16 [notice] 36#36: gracefully shutting down
2024/08/20 13:17:16 [notice] 38#38: gracefully shutting down
2024/08/20 13:17:16 [notice] 37#37: gracefully shutting down
2024/08/20 13:17:16 [notice] 29#29: exiting
2024/08/20 13:17:16 [notice] 39#39: gracefully shutting down
2024/08/20 13:17:16 [notice] 40#40: gracefully shutting down
2024/08/20 13:17:16 [notice] 30#30: exiting
2024/08/20 13:17:16 [notice] 41#41: gracefully shutting down
2024/08/20 13:17:16 [notice] 42#42: gracefully shutting down
2024/08/20 13:17:16 [notice] 43#43: gracefully shutting down
2024/08/20 13:17:16 [notice] 33#33: exiting
2024/08/20 13:17:16 [notice] 32#32: exiting
2024/08/20 13:17:16 [notice] 35#35: exiting
2024/08/20 13:17:16 [notice] 34#34: exiting
2024/08/20 13:17:16 [notice] 36#36: exiting
2024/08/20 13:17:16 [notice] 38#38: exiting
2024/08/20 13:17:16 [notice] 37#37: exiting
2024/08/20 13:17:16 [notice] 39#39: exiting
2024/08/20 13:17:16 [notice] 40#40: exiting
2024/08/20 13:17:16 [notice] 41#41: exiting
2024/08/20 13:17:16 [notice] 42#42: exiting
2024/08/20 13:17:16 [notice] 43#43: exiting
2024/08/20 13:17:16 [notice] 30#30: exit
2024/08/20 13:17:16 [notice] 29#29: exit
2024/08/20 13:17:16 [notice] 33#33: exit
2024/08/20 13:17:16 [notice] 34#34: exit
2024/08/20 13:17:16 [notice] 32#32: exit
2024/08/20 13:17:16 [notice] 39#39: exit
2024/08/20 13:17:16 [notice] 36#36: exit
2024/08/20 13:17:16 [notice] 42#42: exit
2024/08/20 13:17:16 [notice] 35#35: exit
2024/08/20 13:17:16 [notice] 38#38: exit
2024/08/20 13:17:16 [notice] 40#40: exit
2024/08/20 13:17:16 [notice] 41#41: exit
2024/08/20 13:17:16 [notice] 37#37: exit
2024/08/20 13:17:16 [notice] 43#43: exit
2024/08/20 13:17:16 [notice] 44#44: gracefully shutting down
2024/08/20 13:17:16 [notice] 44#44: exiting
2024/08/20 13:17:16 [notice] 44#44: exit
2024/08/20 13:17:16 [notice] 31#31: gracefully shutting down
2024/08/20 13:17:16 [notice] 31#31: exiting
2024/08/20 13:17:16 [notice] 31#31: exit
2024/08/20 13:17:16 [notice] 1#1: signal 17 (SIGCHLD) received from 36
2024/08/20 13:17:16 [notice] 1#1: worker process 36 exited with code 0
2024/08/20 13:17:16 [notice] 1#1: worker process 40 exited with code 0
2024/08/20 13:17:16 [notice] 1#1: signal 29 (SIGIO) received
2024/08/20 13:17:16 [notice] 1#1: signal 17 (SIGCHLD) received from 44
2024/08/20 13:17:16 [notice] 1#1: worker process 44 exited with code 0
2024/08/20 13:17:16 [notice] 1#1: signal 29 (SIGIO) received
2024/08/20 13:17:16 [notice] 1#1: signal 17 (SIGCHLD) received from 32
2024/08/20 13:17:16 [notice] 1#1: worker process 32 exited with code 0
2024/08/20 13:17:16 [notice] 1#1: signal 29 (SIGIO) received
2024/08/20 13:17:16 [notice] 1#1: signal 17 (SIGCHLD) received from 31
2024/08/20 13:17:16 [notice] 1#1: worker process 31 exited with code 0
2024/08/20 13:17:16 [notice] 1#1: signal 29 (SIGIO) received
2024/08/20 13:17:16 [notice] 1#1: signal 17 (SIGCHLD) received from 29
2024/08/20 13:17:16 [notice] 1#1: worker process 29 exited with code 0
2024/08/20 13:17:16 [notice] 1#1: signal 29 (SIGIO) received
2024/08/20 13:17:16 [notice] 1#1: signal 17 (SIGCHLD) received from 43
2024/08/20 13:17:16 [notice] 1#1: worker process 43 exited with code 0
2024/08/20 13:17:16 [notice] 1#1: signal 29 (SIGIO) received
2024/08/20 13:17:16 [notice] 1#1: signal 17 (SIGCHLD) received from 39
2024/08/20 13:17:16 [notice] 1#1: worker process 37 exited with code 0
2024/08/20 13:17:16 [notice] 1#1: worker process 30 exited with code 0
2024/08/20 13:17:16 [notice] 1#1: worker process 38 exited with code 0
2024/08/20 13:17:16 [notice] 1#1: worker process 39 exited with code 0
2024/08/20 13:17:16 [notice] 1#1: signal 29 (SIGIO) received
2024/08/20 13:17:16 [notice] 1#1: signal 17 (SIGCHLD) received from 38
2024/08/20 13:17:16 [notice] 1#1: signal 17 (SIGCHLD) received from 33
2024/08/20 13:17:16 [notice] 1#1: worker process 33 exited with code 0
2024/08/20 13:17:16 [notice] 1#1: signal 29 (SIGIO) received
2024/08/20 13:17:16 [notice] 1#1: signal 17 (SIGCHLD) received from 41
2024/08/20 13:17:16 [notice] 1#1: worker process 41 exited with code 0
2024/08/20 13:17:16 [notice] 1#1: signal 29 (SIGIO) received
2024/08/20 13:17:16 [notice] 1#1: signal 17 (SIGCHLD) received from 34
2024/08/20 13:17:16 [notice] 1#1: worker process 34 exited with code 0
2024/08/20 13:17:16 [notice] 1#1: signal 29 (SIGIO) received
2024/08/20 13:17:16 [notice] 1#1: signal 17 (SIGCHLD) received from 35
2024/08/20 13:17:16 [notice] 1#1: worker process 35 exited with code 0
2024/08/20 13:17:16 [notice] 1#1: signal 29 (SIGIO) received
2024/08/20 13:17:16 [notice] 1#1: signal 17 (SIGCHLD) received from 42
2024/08/20 13:17:16 [notice] 1#1: worker process 42 exited with code 0
2024/08/20 13:17:16 [notice] 1#1: exit
2024/08/20 13:17:33 [notice] 1#1: using the "epoll" event method
2024/08/20 13:17:33 [notice] 1#1: nginx/1.26.1
2024/08/20 13:17:33 [notice] 1#1: built by gcc 13.2.1 20231014 (Alpine 13.2.1_git20231014) 
2024/08/20 13:17:33 [notice] 1#1: OS: Linux 6.5.0-45-generic
2024/08/20 13:17:33 [notice] 1#1: getrlimit(RLIMIT_NOFILE): 1048576:1048576
2024/08/20 13:17:33 [notice] 1#1: start worker processes
2024/08/20 13:17:33 [notice] 1#1: start worker process 29
2024/08/20 13:17:33 [notice] 1#1: start worker process 30
2024/08/20 13:17:33 [notice] 1#1: start worker process 31
2024/08/20 13:17:33 [notice] 1#1: start worker process 32
2024/08/20 13:17:33 [notice] 1#1: start worker process 33
2024/08/20 13:17:33 [notice] 1#1: start worker process 34
2024/08/20 13:17:33 [notice] 1#1: start worker process 35
2024/08/20 13:17:33 [notice] 1#1: start worker process 36
2024/08/20 13:17:33 [notice] 1#1: start worker process 37
2024/08/20 13:17:33 [notice] 1#1: start worker process 38
2024/08/20 13:17:33 [notice] 1#1: start worker process 39
2024/08/20 13:17:33 [notice] 1#1: start worker process 40
2024/08/20 13:17:33 [notice] 1#1: start worker process 41
2024/08/20 13:17:33 [notice] 1#1: start worker process 42
2024/08/20 13:17:33 [notice] 1#1: start worker process 43
2024/08/20 13:17:33 [notice] 1#1: start worker process 44
2024/08/20 13:51:12 [notice] 1#1: signal 3 (SIGQUIT) received, shutting down
2024/08/20 13:51:12 [notice] 30#30: gracefully shutting down
2024/08/20 13:51:12 [notice] 29#29: gracefully shutting down
2024/08/20 13:51:12 [notice] 31#31: gracefully shutting down
2024/08/20 13:51:12 [notice] 32#32: gracefully shutting down
2024/08/20 13:51:12 [notice] 33#33: gracefully shutting down
2024/08/20 13:51:12 [notice] 34#34: gracefully shutting down
2024/08/20 13:51:12 [notice] 37#37: gracefully shutting down
2024/08/20 13:51:12 [notice] 35#35: gracefully shutting down
2024/08/20 13:51:12 [notice] 36#36: gracefully shutting down
2024/08/20 13:51:12 [notice] 30#30: exiting
2024/08/20 13:51:12 [notice] 38#38: gracefully shutting down
2024/08/20 13:51:12 [notice] 39#39: gracefully shutting down
2024/08/20 13:51:12 [notice] 40#40: gracefully shutting down
2024/08/20 13:51:12 [notice] 29#29: exiting
2024/08/20 13:51:12 [notice] 31#31: exiting
2024/08/20 13:51:12 [notice] 32#32: exiting
2024/08/20 13:51:12 [notice] 33#33: exiting
2024/08/20 13:51:12 [notice] 44#44: gracefully shutting down
2024/08/20 13:51:12 [notice] 34#34: exiting
2024/08/20 13:51:12 [notice] 37#37: exiting
2024/08/20 13:51:12 [notice] 35#35: exiting
2024/08/20 13:51:12 [notice] 36#36: exiting
2024/08/20 13:51:12 [notice] 38#38: exiting
2024/08/20 13:51:12 [notice] 39#39: exiting
2024/08/20 13:51:12 [notice] 40#40: exiting
2024/08/20 13:51:12 [notice] 44#44: exiting
2024/08/20 13:51:12 [notice] 41#41: gracefully shutting down
2024/08/20 13:51:12 [notice] 41#41: exiting
2024/08/20 13:51:12 [notice] 30#30: exit
2024/08/20 13:51:12 [notice] 31#31: exit
2024/08/20 13:51:12 [notice] 29#29: exit
2024/08/20 13:51:12 [notice] 34#34: exit
2024/08/20 13:51:12 [notice] 33#33: exit
2024/08/20 13:51:12 [notice] 37#37: exit
2024/08/20 13:51:12 [notice] 38#38: exit
2024/08/20 13:51:12 [notice] 32#32: exit
2024/08/20 13:51:12 [notice] 36#36: exit
2024/08/20 13:51:12 [notice] 40#40: exit
2024/08/20 13:51:12 [notice] 39#39: exit
2024/08/20 13:51:12 [notice] 44#44: exit
2024/08/20 13:51:12 [notice] 35#35: exit
2024/08/20 13:51:12 [notice] 41#41: exit
2024/08/20 13:51:12 [notice] 43#43: gracefully shutting down
2024/08/20 13:51:12 [notice] 42#42: gracefully shutting down
2024/08/20 13:51:12 [notice] 43#43: exiting
2024/08/20 13:51:12 [notice] 42#42: exiting
2024/08/20 13:51:12 [notice] 43#43: exit
2024/08/20 13:51:12 [notice] 42#42: exit
2024/08/20 13:51:12 [notice] 1#1: signal 17 (SIGCHLD) received from 38
2024/08/20 13:51:12 [notice] 1#1: worker process 38 exited with code 0
2024/08/20 13:51:12 [notice] 1#1: signal 29 (SIGIO) received
2024/08/20 13:51:12 [notice] 1#1: signal 17 (SIGCHLD) received from 35
2024/08/20 13:51:12 [notice] 1#1: worker process 35 exited with code 0
2024/08/20 13:51:12 [notice] 1#1: signal 29 (SIGIO) received
2024/08/20 13:51:12 [notice] 1#1: signal 17 (SIGCHLD) received from 32
2024/08/20 13:51:12 [notice] 1#1: worker process 32 exited with code 0
2024/08/20 13:51:12 [notice] 1#1: signal 29 (SIGIO) received
2024/08/20 13:51:12 [notice] 1#1: signal 17 (SIGCHLD) received from 30
2024/08/20 13:51:12 [notice] 1#1: worker process 30 exited with code 0
2024/08/20 13:51:12 [notice] 1#1: signal 29 (SIGIO) received
2024/08/20 13:51:12 [notice] 1#1: signal 17 (SIGCHLD) received from 43
2024/08/20 13:51:12 [notice] 1#1: worker process 43 exited with code 0
2024/08/20 13:51:12 [notice] 1#1: signal 29 (SIGIO) received
2024/08/20 13:51:12 [notice] 1#1: signal 17 (SIGCHLD) received from 31
2024/08/20 13:51:12 [notice] 1#1: worker process 31 exited with code 0
2024/08/20 13:51:12 [notice] 1#1: signal 29 (SIGIO) received
2024/08/20 13:51:12 [notice] 1#1: signal 17 (SIGCHLD) received from 37
2024/08/20 13:51:12 [notice] 1#1: worker process 37 exited with code 0
2024/08/20 13:51:12 [notice] 1#1: signal 29 (SIGIO) received
2024/08/20 13:51:12 [notice] 1#1: signal 17 (SIGCHLD) received from 42
2024/08/20 13:51:12 [notice] 1#1: worker process 42 exited with code 0
2024/08/20 13:51:12 [notice] 1#1: signal 29 (SIGIO) received
2024/08/20 13:51:12 [notice] 1#1: signal 17 (SIGCHLD) received from 33
2024/08/20 13:51:12 [notice] 1#1: worker process 33 exited with code 0
2024/08/20 13:51:12 [notice] 1#1: signal 29 (SIGIO) received
2024/08/20 13:51:12 [notice] 1#1: signal 17 (SIGCHLD) received from 39
2024/08/20 13:51:12 [notice] 1#1: worker process 39 exited with code 0
2024/08/20 13:51:12 [notice] 1#1: signal 29 (SIGIO) received
2024/08/20 13:51:12 [notice] 1#1: signal 17 (SIGCHLD) received from 36
2024/08/20 13:51:12 [notice] 1#1: worker process 36 exited with code 0
2024/08/20 13:51:12 [notice] 1#1: signal 29 (SIGIO) received
2024/08/20 13:51:12 [notice] 1#1: signal 17 (SIGCHLD) received from 34
2024/08/20 13:51:12 [notice] 1#1: worker process 34 exited with code 0
2024/08/20 13:51:12 [notice] 1#1: signal 29 (SIGIO) received
2024/08/20 13:51:12 [notice] 1#1: signal 17 (SIGCHLD) received from 41
2024/08/20 13:51:12 [notice] 1#1: worker process 41 exited with code 0
2024/08/20 13:51:12 [notice] 1#1: signal 29 (SIGIO) received
2024/08/20 13:51:12 [notice] 1#1: signal 17 (SIGCHLD) received from 40
2024/08/20 13:51:12 [notice] 1#1: worker process 40 exited with code 0
2024/08/20 13:51:12 [notice] 1#1: signal 29 (SIGIO) received
2024/08/20 13:51:12 [notice] 1#1: signal 17 (SIGCHLD) received from 44
2024/08/20 13:51:12 [notice] 1#1: worker process 44 exited with code 0
2024/08/20 13:51:12 [notice] 1#1: signal 17 (SIGCHLD) received from 29
2024/08/20 13:51:12 [notice] 1#1: worker process 29 exited with code 0
2024/08/20 13:51:12 [notice] 1#1: exit
2024/08/20 13:51:27 [notice] 1#1: using the "epoll" event method
2024/08/20 13:51:27 [notice] 1#1: nginx/1.26.1
2024/08/20 13:51:27 [notice] 1#1: built by gcc 13.2.1 20231014 (Alpine 13.2.1_git20231014) 
2024/08/20 13:51:27 [notice] 1#1: OS: Linux 6.5.0-45-generic
2024/08/20 13:51:27 [notice] 1#1: getrlimit(RLIMIT_NOFILE): 1048576:1048576
2024/08/20 13:51:27 [notice] 1#1: start worker processes
2024/08/20 13:51:27 [notice] 1#1: start worker process 29
2024/08/20 13:51:27 [notice] 1#1: start worker process 30
2024/08/20 13:51:27 [notice] 1#1: start worker process 31
2024/08/20 13:51:27 [notice] 1#1: start worker process 32
2024/08/20 13:51:27 [notice] 1#1: start worker process 33
2024/08/20 13:51:27 [notice] 1#1: start worker process 34
2024/08/20 13:51:27 [notice] 1#1: start worker process 35
2024/08/20 13:51:27 [notice] 1#1: start worker process 36
2024/08/20 13:51:27 [notice] 1#1: start worker process 37
2024/08/20 13:51:27 [notice] 1#1: start worker process 38
2024/08/20 13:51:27 [notice] 1#1: start worker process 39
2024/08/20 13:51:27 [notice] 1#1: start worker process 40
2024/08/20 13:51:27 [notice] 1#1: start worker process 41
2024/08/20 13:51:27 [notice] 1#1: start worker process 42
2024/08/20 13:51:27 [notice] 1#1: start worker process 43
2024/08/20 13:51:27 [notice] 1#1: start worker process 44
2024/08/20 14:58:42 [notice] 1#1: signal 3 (SIGQUIT) received, shutting down
2024/08/20 14:58:42 [notice] 29#29: gracefully shutting down
2024/08/20 14:58:42 [notice] 31#31: gracefully shutting down
2024/08/20 14:58:42 [notice] 30#30: gracefully shutting down
2024/08/20 14:58:42 [notice] 37#37: gracefully shutting down
2024/08/20 14:58:42 [notice] 32#32: gracefully shutting down
2024/08/20 14:58:42 [notice] 33#33: gracefully shutting down
2024/08/20 14:58:42 [notice] 35#35: gracefully shutting down
2024/08/20 14:58:42 [notice] 29#29: exiting
2024/08/20 14:58:42 [notice] 36#36: gracefully shutting down
2024/08/20 14:58:42 [notice] 34#34: gracefully shutting down
2024/08/20 14:58:42 [notice] 38#38: gracefully shutting down
2024/08/20 14:58:42 [notice] 39#39: gracefully shutting down
2024/08/20 14:58:42 [notice] 31#31: exiting
2024/08/20 14:58:42 [notice] 40#40: gracefully shutting down
2024/08/20 14:58:42 [notice] 42#42: gracefully shutting down
2024/08/20 14:58:42 [notice] 41#41: gracefully shutting down
2024/08/20 14:58:42 [notice] 37#37: exiting
2024/08/20 14:58:42 [notice] 32#32: exiting
2024/08/20 14:58:42 [notice] 33#33: exiting
2024/08/20 14:58:42 [notice] 35#35: exiting
2024/08/20 14:58:42 [notice] 36#36: exiting
2024/08/20 14:58:42 [notice] 34#34: exiting
2024/08/20 14:58:42 [notice] 38#38: exiting
2024/08/20 14:58:42 [notice] 30#30: exiting
2024/08/20 14:58:42 [notice] 39#39: exiting
2024/08/20 14:58:42 [notice] 40#40: exiting
2024/08/20 14:58:42 [notice] 42#42: exiting
2024/08/20 14:58:42 [notice] 41#41: exiting
2024/08/20 14:58:42 [notice] 29#29: exit
2024/08/20 14:58:42 [notice] 31#31: exit
2024/08/20 14:58:42 [notice] 34#34: exit
2024/08/20 14:58:42 [notice] 35#35: exit
2024/08/20 14:58:42 [notice] 30#30: exit
2024/08/20 14:58:42 [notice] 36#36: exit
2024/08/20 14:58:42 [notice] 39#39: exit
2024/08/20 14:58:42 [notice] 33#33: exit
2024/08/20 14:58:42 [notice] 37#37: exit
2024/08/20 14:58:42 [notice] 32#32: exit
2024/08/20 14:58:42 [notice] 38#38: exit
2024/08/20 14:58:42 [notice] 42#42: exit
2024/08/20 14:58:42 [notice] 40#40: exit
2024/08/20 14:58:42 [notice] 41#41: exit
2024/08/20 14:58:42 [notice] 43#43: gracefully shutting down
2024/08/20 14:58:42 [notice] 43#43: exiting
2024/08/20 14:58:42 [notice] 43#43: exit
2024/08/20 14:58:42 [notice] 44#44: gracefully shutting down
2024/08/20 14:58:42 [notice] 44#44: exiting
2024/08/20 14:58:42 [notice] 44#44: exit
2024/08/20 14:58:42 [notice] 1#1: signal 17 (SIGCHLD) received from 43
2024/08/20 14:58:42 [notice] 1#1: worker process 43 exited with code 0
2024/08/20 14:58:42 [notice] 1#1: signal 29 (SIGIO) received
2024/08/20 14:58:42 [notice] 1#1: signal 17 (SIGCHLD) received from 38
2024/08/20 14:58:42 [notice] 1#1: worker process 38 exited with code 0
2024/08/20 14:58:42 [notice] 1#1: signal 29 (SIGIO) received
2024/08/20 14:58:42 [notice] 1#1: signal 17 (SIGCHLD) received from 34
2024/08/20 14:58:42 [notice] 1#1: worker process 34 exited with code 0
2024/08/20 14:58:42 [notice] 1#1: signal 29 (SIGIO) received
2024/08/20 14:58:42 [notice] 1#1: signal 17 (SIGCHLD) received from 39
2024/08/20 14:58:42 [notice] 1#1: worker process 39 exited with code 0
2024/08/20 14:58:42 [notice] 1#1: signal 29 (SIGIO) received
2024/08/20 14:58:42 [notice] 1#1: signal 17 (SIGCHLD) received from 36
2024/08/20 14:58:42 [notice] 1#1: worker process 36 exited with code 0
2024/08/20 14:58:42 [notice] 1#1: signal 29 (SIGIO) received
2024/08/20 14:58:42 [notice] 1#1: signal 17 (SIGCHLD) received from 40
2024/08/20 14:58:42 [notice] 1#1: worker process 35 exited with code 0
2024/08/20 14:58:42 [notice] 1#1: worker process 40 exited with code 0
2024/08/20 14:58:42 [notice] 1#1: worker process 44 exited with code 0
2024/08/20 14:58:42 [notice] 1#1: signal 29 (SIGIO) received
2024/08/20 14:58:42 [notice] 1#1: signal 17 (SIGCHLD) received from 32
2024/08/20 14:58:42 [notice] 1#1: worker process 32 exited with code 0
2024/08/20 14:58:42 [notice] 1#1: worker process 42 exited with code 0
2024/08/20 14:58:42 [notice] 1#1: worker process 37 exited with code 0
2024/08/20 14:58:42 [notice] 1#1: signal 29 (SIGIO) received
2024/08/20 14:58:42 [notice] 1#1: signal 17 (SIGCHLD) received from 42
2024/08/20 14:58:42 [notice] 1#1: signal 17 (SIGCHLD) received from 41
2024/08/20 14:58:42 [notice] 1#1: worker process 41 exited with code 0
2024/08/20 14:58:42 [notice] 1#1: signal 29 (SIGIO) received
2024/08/20 14:58:42 [notice] 1#1: signal 17 (SIGCHLD) received from 29
2024/08/20 14:58:42 [notice] 1#1: worker process 29 exited with code 0
2024/08/20 14:58:42 [notice] 1#1: signal 29 (SIGIO) received
2024/08/20 14:58:42 [notice] 1#1: signal 17 (SIGCHLD) received from 30
2024/08/20 14:58:42 [notice] 1#1: worker process 30 exited with code 0
2024/08/20 14:58:42 [notice] 1#1: signal 29 (SIGIO) received
2024/08/20 14:58:42 [notice] 1#1: signal 17 (SIGCHLD) received from 31
2024/08/20 14:58:42 [notice] 1#1: worker process 31 exited with code 0
2024/08/20 14:58:42 [notice] 1#1: signal 29 (SIGIO) received
2024/08/20 14:58:42 [notice] 1#1: signal 17 (SIGCHLD) received from 33
2024/08/20 14:58:42 [notice] 1#1: worker process 33 exited with code 0
2024/08/20 14:58:42 [notice] 1#1: exit
2024/08/21 07:01:52 [notice] 1#1: using the "epoll" event method
2024/08/21 07:01:52 [notice] 1#1: nginx/1.26.1
2024/08/21 07:01:52 [notice] 1#1: built by gcc 13.2.1 20231014 (Alpine 13.2.1_git20231014) 
2024/08/21 07:01:52 [notice] 1#1: OS: Linux 6.8.0-40-generic
2024/08/21 07:01:52 [notice] 1#1: getrlimit(RLIMIT_NOFILE): 1048576:1048576
2024/08/21 07:01:52 [notice] 1#1: start worker processes
2024/08/21 07:01:52 [notice] 1#1: start worker process 29
2024/08/21 07:01:52 [notice] 1#1: start worker process 30
2024/08/21 07:01:52 [notice] 1#1: start worker process 31
2024/08/21 07:01:52 [notice] 1#1: start worker process 32
2024/08/21 07:01:52 [notice] 1#1: start worker process 33
2024/08/21 07:01:52 [notice] 1#1: start worker process 34
2024/08/21 07:01:52 [notice] 1#1: start worker process 35
2024/08/21 07:01:52 [notice] 1#1: start worker process 36
2024/08/21 07:01:52 [notice] 1#1: start worker process 37
2024/08/21 07:01:52 [notice] 1#1: start worker process 38
2024/08/21 07:01:52 [notice] 1#1: start worker process 39
2024/08/21 07:01:52 [notice] 1#1: start worker process 40
2024/08/21 07:01:52 [notice] 1#1: start worker process 41
2024/08/21 07:01:52 [notice] 1#1: start worker process 42
2024/08/21 07:01:52 [notice] 1#1: start worker process 43
2024/08/21 07:01:52 [notice] 1#1: start worker process 44
2024/08/21 07:03:01 [notice] 1#1: signal 3 (SIGQUIT) received, shutting down
2024/08/21 07:03:01 [notice] 32#32: gracefully shutting down
2024/08/21 07:03:01 [notice] 33#33: gracefully shutting down
2024/08/21 07:03:01 [notice] 29#29: gracefully shutting down
2024/08/21 07:03:01 [notice] 34#34: gracefully shutting down
2024/08/21 07:03:01 [notice] 35#35: gracefully shutting down
2024/08/21 07:03:01 [notice] 36#36: gracefully shutting down
2024/08/21 07:03:01 [notice] 37#37: gracefully shutting down
2024/08/21 07:03:01 [notice] 38#38: gracefully shutting down
2024/08/21 07:03:01 [notice] 39#39: gracefully shutting down
2024/08/21 07:03:01 [notice] 40#40: gracefully shutting down
2024/08/21 07:03:01 [notice] 31#31: gracefully shutting down
2024/08/21 07:03:01 [notice] 42#42: gracefully shutting down
2024/08/21 07:03:01 [notice] 32#32: exiting
2024/08/21 07:03:01 [notice] 33#33: exiting
2024/08/21 07:03:01 [notice] 29#29: exiting
2024/08/21 07:03:01 [notice] 34#34: exiting
2024/08/21 07:03:01 [notice] 35#35: exiting
2024/08/21 07:03:01 [notice] 36#36: exiting
2024/08/21 07:03:01 [notice] 37#37: exiting
2024/08/21 07:03:01 [notice] 38#38: exiting
2024/08/21 07:03:01 [notice] 39#39: exiting
2024/08/21 07:03:01 [notice] 40#40: exiting
2024/08/21 07:03:01 [notice] 31#31: exiting
2024/08/21 07:03:01 [notice] 42#42: exiting
2024/08/21 07:03:01 [notice] 41#41: gracefully shutting down
2024/08/21 07:03:01 [notice] 32#32: exit
2024/08/21 07:03:01 [notice] 41#41: exiting
2024/08/21 07:03:01 [notice] 33#33: exit
2024/08/21 07:03:01 [notice] 34#34: exit
2024/08/21 07:03:01 [notice] 38#38: exit
2024/08/21 07:03:01 [notice] 37#37: exit
2024/08/21 07:03:01 [notice] 39#39: exit
2024/08/21 07:03:01 [notice] 35#35: exit
2024/08/21 07:03:01 [notice] 42#42: exit
2024/08/21 07:03:01 [notice] 36#36: exit
2024/08/21 07:03:01 [notice] 40#40: exit
2024/08/21 07:03:01 [notice] 29#29: exit
2024/08/21 07:03:01 [notice] 31#31: exit
2024/08/21 07:03:01 [notice] 41#41: exit
2024/08/21 07:03:01 [notice] 44#44: gracefully shutting down
2024/08/21 07:03:01 [notice] 44#44: exiting
2024/08/21 07:03:01 [notice] 30#30: gracefully shutting down
2024/08/21 07:03:01 [notice] 30#30: exiting
2024/08/21 07:03:01 [notice] 43#43: gracefully shutting down
2024/08/21 07:03:01 [notice] 44#44: exit
2024/08/21 07:03:01 [notice] 43#43: exiting
2024/08/21 07:03:01 [notice] 30#30: exit
2024/08/21 07:03:01 [notice] 43#43: exit
2024/08/21 07:03:01 [notice] 1#1: signal 17 (SIGCHLD) received from 37
2024/08/21 07:03:01 [notice] 1#1: worker process 37 exited with code 0
2024/08/21 07:03:01 [notice] 1#1: signal 29 (SIGIO) received
2024/08/21 07:03:01 [notice] 1#1: signal 17 (SIGCHLD) received from 38
2024/08/21 07:03:01 [notice] 1#1: worker process 29 exited with code 0
2024/08/21 07:03:01 [notice] 1#1: worker process 38 exited with code 0
2024/08/21 07:03:01 [notice] 1#1: worker process 39 exited with code 0
2024/08/21 07:03:01 [notice] 1#1: signal 29 (SIGIO) received
2024/08/21 07:03:01 [notice] 1#1: signal 17 (SIGCHLD) received from 29
2024/08/21 07:03:01 [notice] 1#1: signal 17 (SIGCHLD) received from 32
2024/08/21 07:03:01 [notice] 1#1: worker process 32 exited with code 0
2024/08/21 07:03:01 [notice] 1#1: signal 29 (SIGIO) received
2024/08/21 07:03:01 [notice] 1#1: signal 17 (SIGCHLD) received from 40
2024/08/21 07:03:01 [notice] 1#1: worker process 40 exited with code 0
2024/08/21 07:03:01 [notice] 1#1: signal 29 (SIGIO) received
2024/08/21 07:03:01 [notice] 1#1: signal 17 (SIGCHLD) received from 31
2024/08/21 07:03:01 [notice] 1#1: worker process 31 exited with code 0
2024/08/21 07:03:01 [notice] 1#1: signal 29 (SIGIO) received
2024/08/21 07:03:01 [notice] 1#1: signal 17 (SIGCHLD) received from 44
2024/08/21 07:03:01 [notice] 1#1: worker process 44 exited with code 0
2024/08/21 07:03:01 [notice] 1#1: signal 29 (SIGIO) received
2024/08/21 07:03:01 [notice] 1#1: signal 17 (SIGCHLD) received from 34
2024/08/21 07:03:01 [notice] 1#1: worker process 34 exited with code 0
2024/08/21 07:03:01 [notice] 1#1: signal 29 (SIGIO) received
2024/08/21 07:03:01 [notice] 1#1: signal 17 (SIGCHLD) received from 35
2024/08/21 07:03:01 [notice] 1#1: worker process 35 exited with code 0
2024/08/21 07:03:01 [notice] 1#1: signal 29 (SIGIO) received
2024/08/21 07:03:01 [notice] 1#1: signal 17 (SIGCHLD) received from 42
2024/08/21 07:03:01 [notice] 1#1: worker process 42 exited with code 0
2024/08/21 07:03:01 [notice] 1#1: signal 29 (SIGIO) received
2024/08/21 07:03:01 [notice] 1#1: signal 17 (SIGCHLD) received from 41
2024/08/21 07:03:01 [notice] 1#1: worker process 41 exited with code 0
2024/08/21 07:03:01 [notice] 1#1: signal 29 (SIGIO) received
2024/08/21 07:03:01 [notice] 1#1: signal 17 (SIGCHLD) received from 36
2024/08/21 07:03:01 [notice] 1#1: worker process 30 exited with code 0
2024/08/21 07:03:01 [notice] 1#1: worker process 36 exited with code 0
2024/08/21 07:03:01 [notice] 1#1: signal 29 (SIGIO) received
2024/08/21 07:03:01 [notice] 1#1: signal 17 (SIGCHLD) received from 33
2024/08/21 07:03:01 [notice] 1#1: worker process 33 exited with code 0
2024/08/21 07:03:01 [notice] 1#1: signal 17 (SIGCHLD) received from 43
2024/08/21 07:03:01 [notice] 1#1: worker process 43 exited with code 0
2024/08/21 07:03:01 [notice] 1#1: exit
2024/08/21 07:05:27 [notice] 1#1: using the "epoll" event method
2024/08/21 07:05:27 [notice] 1#1: nginx/1.26.1
2024/08/21 07:05:27 [notice] 1#1: built by gcc 13.2.1 20231014 (Alpine 13.2.1_git20231014) 
2024/08/21 07:05:27 [notice] 1#1: OS: Linux 6.8.0-40-generic
2024/08/21 07:05:27 [notice] 1#1: getrlimit(RLIMIT_NOFILE): 1048576:1048576
2024/08/21 07:05:27 [notice] 1#1: start worker processes
2024/08/21 07:05:27 [notice] 1#1: start worker process 29
2024/08/21 07:05:27 [notice] 1#1: start worker process 30
2024/08/21 07:05:27 [notice] 1#1: start worker process 31
2024/08/21 07:05:27 [notice] 1#1: start worker process 32
2024/08/21 07:05:27 [notice] 1#1: start worker process 33
2024/08/21 07:05:27 [notice] 1#1: start worker process 34
2024/08/21 07:05:27 [notice] 1#1: start worker process 35
2024/08/21 07:05:27 [notice] 1#1: start worker process 36
2024/08/21 07:05:27 [notice] 1#1: start worker process 37
2024/08/21 07:05:27 [notice] 1#1: start worker process 38
2024/08/21 07:05:27 [notice] 1#1: start worker process 39
2024/08/21 07:05:27 [notice] 1#1: start worker process 40
2024/08/21 07:05:27 [notice] 1#1: start worker process 41
2024/08/21 07:05:27 [notice] 1#1: start worker process 42
2024/08/21 07:05:27 [notice] 1#1: start worker process 43
2024/08/21 07:05:27 [notice] 1#1: start worker process 44
2024/08/21 07:18:07 [notice] 1#1: signal 3 (SIGQUIT) received, shutting down
2024/08/21 07:18:07 [notice] 29#29: gracefully shutting down
2024/08/21 07:18:07 [notice] 31#31: gracefully shutting down
2024/08/21 07:18:07 [notice] 30#30: gracefully shutting down
2024/08/21 07:18:07 [notice] 32#32: gracefully shutting down
2024/08/21 07:18:07 [notice] 33#33: gracefully shutting down
2024/08/21 07:18:07 [notice] 35#35: gracefully shutting down
2024/08/21 07:18:07 [notice] 36#36: gracefully shutting down
2024/08/21 07:18:07 [notice] 34#34: gracefully shutting down
2024/08/21 07:18:07 [notice] 37#37: gracefully shutting down
2024/08/21 07:18:07 [notice] 29#29: exiting
2024/08/21 07:18:07 [notice] 39#39: gracefully shutting down
2024/08/21 07:18:07 [notice] 31#31: exiting
2024/08/21 07:18:07 [notice] 40#40: gracefully shutting down
2024/08/21 07:18:07 [notice] 30#30: exiting
2024/08/21 07:18:07 [notice] 41#41: gracefully shutting down
2024/08/21 07:18:07 [notice] 32#32: exiting
2024/08/21 07:18:07 [notice] 33#33: exiting
2024/08/21 07:18:07 [notice] 38#38: gracefully shutting down
2024/08/21 07:18:07 [notice] 35#35: exiting
2024/08/21 07:18:07 [notice] 36#36: exiting
2024/08/21 07:18:07 [notice] 34#34: exiting
2024/08/21 07:18:07 [notice] 37#37: exiting
2024/08/21 07:18:07 [notice] 39#39: exiting
2024/08/21 07:18:07 [notice] 40#40: exiting
2024/08/21 07:18:07 [notice] 41#41: exiting
2024/08/21 07:18:07 [notice] 38#38: exiting
2024/08/21 07:18:07 [notice] 44#44: gracefully shutting down
2024/08/21 07:18:07 [notice] 44#44: exiting
2024/08/21 07:18:07 [notice] 29#29: exit
2024/08/21 07:18:07 [notice] 31#31: exit
2024/08/21 07:18:07 [notice] 30#30: exit
2024/08/21 07:18:07 [notice] 32#32: exit
2024/08/21 07:18:07 [notice] 33#33: exit
2024/08/21 07:18:07 [notice] 41#41: exit
2024/08/21 07:18:07 [notice] 40#40: exit
2024/08/21 07:18:07 [notice] 39#39: exit
2024/08/21 07:18:07 [notice] 37#37: exit
2024/08/21 07:18:07 [notice] 36#36: exit
2024/08/21 07:18:07 [notice] 35#35: exit
2024/08/21 07:18:07 [notice] 34#34: exit
2024/08/21 07:18:07 [notice] 38#38: exit
2024/08/21 07:18:07 [notice] 44#44: exit
2024/08/21 07:18:07 [notice] 43#43: gracefully shutting down
2024/08/21 07:18:07 [notice] 43#43: exiting
2024/08/21 07:18:07 [notice] 43#43: exit
2024/08/21 07:18:07 [notice] 42#42: gracefully shutting down
2024/08/21 07:18:07 [notice] 42#42: exiting
2024/08/21 07:18:07 [notice] 42#42: exit
2024/08/21 07:18:07 [notice] 1#1: signal 17 (SIGCHLD) received from 33
2024/08/21 07:18:07 [notice] 1#1: worker process 33 exited with code 0
2024/08/21 07:18:07 [notice] 1#1: signal 29 (SIGIO) received
2024/08/21 07:18:07 [notice] 1#1: signal 17 (SIGCHLD) received from 31
2024/08/21 07:18:07 [notice] 1#1: worker process 31 exited with code 0
2024/08/21 07:18:07 [notice] 1#1: signal 29 (SIGIO) received
2024/08/21 07:18:07 [notice] 1#1: signal 17 (SIGCHLD) received from 29
2024/08/21 07:18:07 [notice] 1#1: worker process 29 exited with code 0
2024/08/21 07:18:07 [notice] 1#1: signal 29 (SIGIO) received
2024/08/21 07:18:07 [notice] 1#1: signal 17 (SIGCHLD) received from 36
2024/08/21 07:18:07 [notice] 1#1: worker process 36 exited with code 0
2024/08/21 07:18:07 [notice] 1#1: signal 29 (SIGIO) received
2024/08/21 07:18:07 [notice] 1#1: signal 17 (SIGCHLD) received from 41
2024/08/21 07:18:07 [notice] 1#1: worker process 41 exited with code 0
2024/08/21 07:18:07 [notice] 1#1: signal 29 (SIGIO) received
2024/08/21 07:18:07 [notice] 1#1: signal 17 (SIGCHLD) received from 43
2024/08/21 07:18:07 [notice] 1#1: worker process 43 exited with code 0
2024/08/21 07:18:07 [notice] 1#1: signal 29 (SIGIO) received
2024/08/21 07:18:07 [notice] 1#1: signal 17 (SIGCHLD) received from 39
2024/08/21 07:18:07 [notice] 1#1: worker process 39 exited with code 0
2024/08/21 07:18:07 [notice] 1#1: signal 29 (SIGIO) received
2024/08/21 07:18:07 [notice] 1#1: signal 17 (SIGCHLD) received from 44
2024/08/21 07:18:07 [notice] 1#1: worker process 44 exited with code 0
2024/08/21 07:18:07 [notice] 1#1: signal 29 (SIGIO) received
2024/08/21 07:18:07 [notice] 1#1: signal 17 (SIGCHLD) received from 35
2024/08/21 07:18:07 [notice] 1#1: worker process 35 exited with code 0
2024/08/21 07:18:07 [notice] 1#1: worker process 38 exited with code 0
2024/08/21 07:18:07 [notice] 1#1: signal 29 (SIGIO) received
2024/08/21 07:18:07 [notice] 1#1: signal 17 (SIGCHLD) received from 40
2024/08/21 07:18:07 [notice] 1#1: worker process 40 exited with code 0
2024/08/21 07:18:07 [notice] 1#1: worker process 34 exited with code 0
2024/08/21 07:18:07 [notice] 1#1: signal 29 (SIGIO) received
2024/08/21 07:18:07 [notice] 1#1: signal 17 (SIGCHLD) received from 34
2024/08/21 07:18:07 [notice] 1#1: signal 17 (SIGCHLD) received from 37
2024/08/21 07:18:07 [notice] 1#1: worker process 37 exited with code 0
2024/08/21 07:18:07 [notice] 1#1: worker process 30 exited with code 0
2024/08/21 07:18:07 [notice] 1#1: signal 17 (SIGCHLD) received from 30
2024/08/21 07:18:07 [notice] 1#1: worker process 42 exited with code 0
2024/08/21 07:18:07 [notice] 1#1: signal 17 (SIGCHLD) received from 32
2024/08/21 07:18:07 [notice] 1#1: worker process 32 exited with code 0
2024/08/21 07:18:07 [notice] 1#1: exit
2024/08/21 07:18:30 [notice] 1#1: using the "epoll" event method
2024/08/21 07:18:30 [notice] 1#1: nginx/1.26.1
2024/08/21 07:18:30 [notice] 1#1: built by gcc 13.2.1 20231014 (Alpine 13.2.1_git20231014) 
2024/08/21 07:18:30 [notice] 1#1: OS: Linux 6.8.0-40-generic
2024/08/21 07:18:30 [notice] 1#1: getrlimit(RLIMIT_NOFILE): 1048576:1048576
2024/08/21 07:18:30 [notice] 1#1: start worker processes
2024/08/21 07:18:30 [notice] 1#1: start worker process 29
2024/08/21 07:18:30 [notice] 1#1: start worker process 30
2024/08/21 07:18:30 [notice] 1#1: start worker process 31
2024/08/21 07:18:30 [notice] 1#1: start worker process 32
2024/08/21 07:18:30 [notice] 1#1: start worker process 33
2024/08/21 07:18:30 [notice] 1#1: start worker process 34
2024/08/21 07:18:30 [notice] 1#1: start worker process 35
2024/08/21 07:18:30 [notice] 1#1: start worker process 36
2024/08/21 07:18:30 [notice] 1#1: start worker process 37
2024/08/21 07:18:30 [notice] 1#1: start worker process 38
2024/08/21 07:18:30 [notice] 1#1: start worker process 39
2024/08/21 07:18:30 [notice] 1#1: start worker process 40
2024/08/21 07:18:30 [notice] 1#1: start worker process 41
2024/08/21 07:18:30 [notice] 1#1: start worker process 42
2024/08/21 07:18:30 [notice] 1#1: start worker process 43
2024/08/21 07:18:30 [notice] 1#1: start worker process 44
